Input 1
Signed_pp 111101110001010010100000000000000000111101001
Exp 001110000110011010110000000000000000011010001
MaxExp 10011
Aligned_pp 111111111111100100000000000000000101000000000000000000000101000000000000000000000000000000000000000000000000000000000000000000110001001000000000
Adder 00010110001001001100

Input 2
Signed_pp 010010100000000000000000000000011010000000000
Exp 001011001100000000000000000000000110000000000
MaxExp 10011
Aligned_pp 000000000000000101000000000000000000000000000000000000000000000000000000000000000000000000000000000000000000000000000000000000000000000000000000
Adder 00000100000000000001

Input 3
Signed_pp 010010000000000011010100000000010000000001010
Exp 010100000000000001110100000000000000000010001
MaxExp 10001
Aligned_pp 000000001001000000000000000000000000000000000000000000000001101000000000001000000000000000000000000000000000000000000000000000000101000000000000
Adder 00000101000011001010

Input 4
Signed_pp 010010000001100011100111101001000000101101110
Exp 001010000001111011010011100110000000010100101
MaxExp 01111
Aligned_pp 000000000001001000000000000000000110000000000000000111000000000000000000011110000000000000100100000000000000000000000000000101100000000000011100
Adder 00000111110011100000

Input 5
Signed_pp 011100000000000000000000000000011000000000000
Exp 100000000000000000000000000000000110000000000
MaxExp 10000
Aligned_pp 011100000000000000000000000000000000000000000000000000000000000000000000000000000000000000000000000000000000001100000000000000000000000000000000
Adder 00000111000000000011

Input 6
Signed_pp 000000110000000000001100111100110011111000000
Exp 000000001100000000000110100100010100000000000
MaxExp 01101
Aligned_pp 000000000000000000000000000110000000000000000000000000000000000010111000000000001111111111010000111101110000000011111111111111010000000000000000
Adder 00111010111011100101

Input 7
Signed_pp 000000100101011000001101111111000000000000000
Exp 000000000101001000000101100011000000000000000
MaxExp 01011
Aligned_pp 000000000000000000000000000100100001011000000000000000000000000010101000000000001111111110001000000000000000000000000000000000000000000000000000
Adder 00011011110110011010

Input 8
Signed_pp 000000000000000000001110011100110010110000000
Exp 000000000000000000000010101010011000100100000
MaxExp 01100
Aligned_pp 000000000000000000000000000000000000000000000000000000000000000011111111010000001110100000000000101110000000000000001100000000000000000000000000
Adder 00101010101101000000

Input 9
Signed_pp 000000000001011000001100100000000000000001110
Exp 000000000000111000000101000000000000000000011
MaxExp 01010
Aligned_pp 000000000000000000000000000000000000101100000000000000000000000010111000000000000000000000000000000000000000000000000000000000000000000011100000
Adder 00001100001111100000

Input 10
Signed_pp 000000100111100000001101001111000001101001001
Exp 000000101000101000000100000011000000100000010
MaxExp 01010
Aligned_pp 000000000000000001001000000000001111110100000000000000000000000011101100000000000000000011110000000000000000000011101100000000000000000001001000
Adder 00110001111000111000

Input 11
Signed_pp 000000000000000000000111100000111000101101110
Exp 000000000000000000001001000000001010101010001
MaxExp 10010
Aligned_pp 000000000000000000000000000000000000000000000000000000000000000001111000000000000000000000000000111111111111110100000000010110000011100000000000
Adder 00011011000001010101

Input 12
Signed_pp 000000000011100011110000000000011100000000000
Exp 000000000001111010000000000000010000000000000
MaxExp 01111
Aligned_pp 000000000000000000000000000000001010000000000000000000001111000000000000000000000000000000000000000000001110000000000000000000000000000000000000
Adder 00001010000111010000

Input 13
Signed_pp 000000110100000110111100001010010100000000000
Exp 000001010100000001110100101010001010000000000
MaxExp 10101
Aligned_pp 000000000000000001101000000000000000000000000000111111111111111111111111111111000000000000001010000000000000000000000000000000000000000000000000
Adder 00100110100000000101

Input 14
Signed_pp 000000000000000000000000000000000000000000000
Exp 000000000000000000000000000000000000000000000
MaxExp 00000
Aligned_pp 000000000000000000000000000000000000000000000000000000000000000000000000000000000000000000000000000000000000000000000000000000000000000000000000
Adder 00000000000000000000

Input 15
Signed_pp 000000000001011000000100000000010000110100000
Exp 000000000001100000000001000000011110110100000
MaxExp 01111
Aligned_pp 000000000000000000000000000000000000101100000000000000000000000000000000000000100000000000000000010000000000000000011010000000000000000000000000
Adder 00000110010100000010

Input 16
Signed_pp 000000110100000111100100000000011010000000000
Exp 000001000000000001000111000000011110000000000
MaxExp 10000
Aligned_pp 000000000000000001101000000000000000000000000000111111111111100100010000000000000000000000000000001101000000000000000000000000000000000000000000
Adder 00011010101111111001

Input 17
Signed_pp 111100000000000111010110100000000000000001011
Exp 001010000000000101010111100000000000000010000
MaxExp 10101
Aligned_pp 000000000000000000000000000000000000000000000000100110000000000000000001101000000000000000000000000000000000000000000000000000000000001011000000
Adder 00001001110001100000

Input 18
Signed_pp 010000000001001110010000000000010010000000000
Exp 011000000010011100000000000000001010000000000
MaxExp 10011
Aligned_pp 000000001000000000000000000000000100100000000000111101110000000000000000000000000000000000000000000000000000000100000000000000000000000000000000
Adder 00010011111110000001

Input 19
Signed_pp 110011110100000110001111011010111110100001000
Exp 000010110000000011010001001101000110001101001
MaxExp 01101
Aligned_pp 111111111111110011001100000000000000000000000000110000000000000011111111111100101011000000000000111111111110001000000000000100000000010000000000
Adder 01010011111111100000

Input 20
Signed_pp 010000000000000000001110111001000000000000000
Exp 100010000000000000000001001010000000000000000
MaxExp 10001
Aligned_pp 010000000000000000000000000000000000000000000000000000000000000000000000000000001111111101110000000000000000000000000000000000000000000000000000
Adder 00010011111101110000

Input 21
Signed_pp 111000000001011000001110100000000000000000000
Exp 010000000001101000000111100000000000000000000
MaxExp 01111
Aligned_pp 111111110100000000000000000000000001011000000000000000000000000010011000000000000000000000000000000000000000000000000000000000000000000000000000
Adder 00011010110101000000

Input 22
Signed_pp 011010000000000011011110001000110000110101010
Exp 010000000000000000110110101001001011000010000
MaxExp 10000
Aligned_pp 000000000110100000000000000000000000000000000000000000000000001111110100000000000000000010000000111111111111100001101000000000000101000000000000
Adder 00101010110011100011

Input 23
Signed_pp 000000111100000010000000011100111000101011010
Exp 000000011100000001110000010010101011001101001
MaxExp 10101
Aligned_pp 000000000000000000000000000000010000000000000000000000000000000100000000000000001111010000000000101000000000000000010100000000001111111111111011
Adder 00101010011111111101

Input 24
Signed_pp 000000000001111011000111101001111000000000000
Exp 000000000001111010110110010010000100000000000
MaxExp 10010
Aligned_pp 000000000000000000000000000000000000111100000000000000001100000000000001111000000100100000000000000000000000000000000000000000000000000000000000
Adder 00000101100110100000

Input 25
Signed_pp 000001110001111000000000000000011100100100000
Exp 000000101110000000000000000000100110110100000
MaxExp 10011
Aligned_pp 000000000000000011111111101000000000111100000000000000000000000000000000000000000000000000000000011100000000000000000001001000000000000000000000
Adder 00010111111111000000

Input 26
Signed_pp 000000101000000010000000001000011001110000000
Exp 000000100000000010000000000101100111000100000
MaxExp 10011
Aligned_pp 000000000000000000000000000010100000000000000000000000000000100000000000000000000000000000000001011000000000000011101000000000000000000000000000
Adder 00010100100000010011

Input 27
Signed_pp 000001100101000110110000001011000000110101000
Exp 000000110101100010010000000111000000001101111
MaxExp 01111
Aligned_pp 000000000000000011101110000000000000100000000000111111101010000000000000000000000000000001011000000000000000000000000000000001100100000000000000
Adder 00100011010011111110

Input 28
Signed_pp 110101111100000011000000001010111010000011011
Exp 000100011000000010100000000101101010000000101
MaxExp 10101
Aligned_pp 000000000000000000000000000000000000000000000000000000000000110000000000000000000000000000000000100110000000000000000000000000000000000000000000
Adder 00001001100000001100

Input 29
Signed_pp 000000100111110000000100000000110010100000000
Exp 000000100101010000000111000000001000011100000
MaxExp 01110
Aligned_pp 000000000000000000000010010000001111100100000000000000000000000001000000000000000000000000000000111111111110111000000000100000000000000000000000
Adder 00100011101110101110

Input 30
Signed_pp 000000000000000011110101100000000001101101101
Exp 000000000000000011100010000000000000100001000
MaxExp 01110
Aligned_pp 000000000000000000000000000000000000000000000000011110000000000000000000000101100000000000000000000000000000000011111110101000000000000110100000
Adder 00010111100001010110

Input 31
Signed_pp 000001111000000110100100101010000001111111110
Exp 000000100100000001010001001111000000110010010
MaxExp 10010
Aligned_pp 000000000000000011111111110010000000000000000000111111111111111000000000000000000000101000000000000000000000000011111110001000001001000000000000
Adder 00111001011111100110

Input 32
Signed_pp 010110101000000000000000001111000000111100000
Exp 011010011100000000000000000110000000110100000
MaxExp 01101
Aligned_pp 010110000000000000000001010000000000000000000000000000000000000000000000000000000000000011110000000000000000000001111000000000000000000000000000
Adder 00001101001000110000

Input 33
Signed_pp 110000101100000000000101000000000000100111110
Exp 100110100100000000001001100000000000001010010
MaxExp 10011
Aligned_pp 110000000000000000000000000101100000000000000000000000000000000001010000000000000000000000000000000000000000000000000000000000001100100000000000
Adder 00011101100000010110

Input 34
Signed_pp 111000110100000000001100000000110100000000000
Exp 010000100100000000000100100000001010000000000
MaxExp 01001
Aligned_pp 110100000000000001101000000000000000000000000000000000000000000011000000000000000000000000000000111110110000000000000000000000000000000000000000
Adder 00101111001100000000

Input 35
Signed_pp 111001110100000000000000000000000000100001010
Exp 100010100000000000000000000000000001000001000
MaxExp 10001
Aligned_pp 101000000000000011111111110011000000000000000000000000000000000000000000000000000000000000000000000000000000000000100000000000000000000000101000
Adder 00011011111111110100

Input 36
Signed_pp 110010000011010000000100100000000000100001100
Exp 100010000001101000000110000000000000100001110
MaxExp 10001
Aligned_pp 101110000000000000000000000000001111101100000000000000000000000000000010010000000000000000000000000000000000000000000000001000000000110000000000
Adder 00011100000101100000

Input 37
Signed_pp 000000000011001010011101100000000000000000000
Exp 000000000000101010110101000000000000000000000
MaxExp 01011
Aligned_pp 000000000000000000000000000000001111111011100000010010000000000011010100000000000000000000000000000000000000000000000000000000000000000000000000
Adder 00100001101011100000

Input 38
Signed_pp 000000111000000000000000001100000001110101100
Exp 000000101100000000000000001000000000010000111
MaxExp 01011
Aligned_pp 000000000000000001110000000000000000000000000000000000000000000000000000000000000000110000000000000000000000000011111111001100000000011000000000
Adder 00011000000100110000

Input 39
Signed_pp 000000100111110011010000001011011010110111011
Exp 000000101000101011010000001101000100011101101
MaxExp 01101
Aligned_pp 000000000000000000001001000000001111111110010000011010000000000000000000000000000101100000000000000000000000110100000001101000001010100000000000
Adder 00100111001000111101

Input 40
Signed_pp 000000000001000011101111000000000001110011011
Exp 000000000001100000110000000000000000101010010
MaxExp 10010
Aligned_pp 000000000000000000000000000000000000000100000000000000000000000000000000000000000000000000000000000000000000000011111111101000001010100000000000
Adder 00011010100010100000

Input 41
Signed_pp 000000110000000011110000000000010110000001111
Exp 000001000100000010010000000000100000000000100
MaxExp 10001
Aligned_pp 000000000000000001100000000000000000000000000000000000000111100000000000000000000000000000000000001011000000000000000000000000000000000000000011
Adder 00001000110001111011

Input 42
Signed_pp 000000000000000110110000000000000000000000000
Exp 000000000000000010100000000000000000000000000
MaxExp 01010
Aligned_pp 000000000000000000000000000000000000000000000000101010000000000000000000000000000000000000000000000000000000000000000000000000000000000000000000
Adder 00001010100000000000

Input 43
Signed_pp 011100000000000011100000001100010010000001101
Exp 001000000000000100100000010000010110000001001
MaxExp 10010
Aligned_pp 000000000000000100000000000000000000000000000000011100000000000000000000000000000001100000000000000000001001000000000000000000000000000000110100
Adder 00001000100011000101

Input 44
Signed_pp 000000101100000111110000011000000000000000000
Exp 000000001100000101000000001001000000000000000
MaxExp 10100
Aligned_pp 000000000000000000000000000000000000000000000000100010000000000000000000000000001111111111111000000000000000000000000000000000000000000000000000
Adder 00011000011111111000

Input 45
Signed_pp 111111111100000011010100111000000000111000000
Exp 011000010100000001000100000101000000000000000
MaxExp 01100
Aligned_pp 100010000000000011111111000100000000000000000000000000000110100000000100100000001111111110000000000000000000000000000000000001110000000000000000
Adder 00101000101101111111

Input 46
Signed_pp 000001110101010011010000011101000000111011011
Exp 000000110101001010010000001000000000101010000
MaxExp 10000
Aligned_pp 000000000000000011110011000000000000000010100000000000001101000000000000000000001111111110011000000000000000000000000001110000001010100000000000
Adder 00101001110111001000

Input 47
Signed_pp 111010111001111111000000000000011100100111011
Exp 000000100000110001110000000000010000010001010
MaxExp 01010
Aligned_pp 111111111110011000011100000000000000011110000000111101000000000000000000000000000000000000000000000111000000000000000001001000001010100000000000
Adder 00101101110010000110

Input 48
Signed_pp 000000000000000000000000011111000000110100000
Exp 000000000000000000000000000010000000101000000
MaxExp 01010
Aligned_pp 000000000000000000000000000000000000000000000000000000000000000000000000000000001111111110001000000000000000000001101000000000000000000000000000
Adder 00010110011110001000

Input 49
Signed_pp 000000000000000000000110000000110010000001010
Exp 000000000000000000001001100000000010000000011
MaxExp 10011
Aligned_pp 000000000000000000000000000000000000000000000000000000000000000001100000000000000000000000000000000000000000000000000000000000000000000000000000
Adder 00000110000000000000

Input 50
Signed_pp 111001111000000110000111101101000000000000000
Exp 100000001000000010100011010011000000000000000
MaxExp 10011
Aligned_pp 111101000000000000000000000000000000000000000000111111111110000000000000000000110110100000000000000000000000000000000000000000000000000000000000
Adder 00100101101111100011

Input 51
Signed_pp 000001111100000011110000000000000000000011010
Exp 000001000000000010000000000000000000000000100
MaxExp 10000
Aligned_pp 000000000000000010001000000000000000000000000000000000000111100000000000000000000000000000000000000000000000000000000000000000001111111111111011
Adder 00011000100001110011

Input 52
Signed_pp 110111100011010000001111100000010000000011111
Exp 000000100010001000000100000000011100000010100
MaxExp 10100
Aligned_pp 000000000000000011111111111111001111011000000000000000000000000011111111111110010000000000000000000000010000000000000000000000001000100000000000
Adder 00110111111011110101

Input 53
Signed_pp 010000000011110011010110011001110110101011010
Exp 101000000001101101010110001101001111001001001
MaxExp 10101
Aligned_pp 001000000000000000000000000000001111111110010000011010000000000000000000001100001111111110111000111111111111111100001010000000001111111111111011
Adder 01001001000101110010

Input 54
Signed_pp 010000000001101000001111000000111110000000000
Exp 100100000001001000000010000000100100000000000
MaxExp 10010
Aligned_pp 010000000000000000000000000000000000000000110100000000000000000011111111111111110000000000000000100010000000000000000000000000000000000000000000
Adder 00011100100000110011

Input 55
Signed_pp 011010000011000010110000001101011011111101010
Exp 101010000001111010010000001010100010010010000
MaxExp 10101
Aligned_pp 011010000000000000000000000000001111111100000000000000000000010100000000000000000000000000001101000001101000000000000000000000000000001010000000
Adder 00010111000000010010

Input 56
Signed_pp 000000000000000110110000001101000001101111111
Exp 000000000000000010000000000101000000010101010
MaxExp 01010
Aligned_pp 000000000000000000000000000000000000000000000000111010100000000000000000000000000000001101000000000000000000000011111101010000001000100000000000
Adder 00100111001010000000

Input 57
Signed_pp 000000000000000000000111001101000000000000000
Exp 000000000000000000000000110000000000000000000
MaxExp 10000
Aligned_pp 000000000000000000000000000000000000000000000000000000000000000000000000000000000110100000000000000000000000000000000000000000000000000000000000
Adder 00000110100000000000

Input 58
Signed_pp 011010000011111000000000000000000000000000000
Exp 001100000000100000000000000000000000000000000
MaxExp 00110
Aligned_pp 011010000000000000000000000000001110001000000000000000000000000000000000000000000000000000000000000000000000000000000000000000000000000000000000
Adder 00010100101000000000

Input 59
Signed_pp 000001101101100000000000000000110010000000000
Exp 000001000010001000000000000000010100000000000
MaxExp 10001
Aligned_pp 000000000000000011010100000000000110000000000000000000000000000000000000000000000000000000000000111111110111000000000000000000000000000000000000
Adder 00100011001101110000

Input 60
Signed_pp 010000111100000010100000011101000001111000000
Exp 011000110100000010010000000111000000100000000
MaxExp 01101
Aligned_pp 001000000000000001111000000000000000000000000000000001010000000000000000000000001111111001100000000000000000000011111100100000000000000000000000
Adder 00101001011111100000

Input 61
Signed_pp 111110111001001110100000000000000001111000000
Exp 010100101100100001110000000000000000100000000
MaxExp 01011
Aligned_pp 110001000000000001110000000000000000000010010000111110110000000000000000000000000000000000000000000000000000000011110010000000000000000000000000
Adder 00110010000110010000

Input 62
Signed_pp 010111101000000000000000000000110000110111011
Exp 010110111000000000000000000000010000110001000
MaxExp 01110
Aligned_pp 000010110000000010110000000000000000000000000000000000000000000000000000000000000000000000000000111111110000000000011010000000001111111010100000
Adder 00101101001010100000

Input 63
Signed_pp 010110000000000010101101000000011010000000000
Exp 001110000000000010110011000000010000000000000
MaxExp 01011
Aligned_pp 000001011000000000000000000000000000000000000000010100000000000011111101100000000000000000000000000011010000000000000000000000000000000000000000
Adder 00010110000000000000

Input 64
Signed_pp 110010110100000111010000001001000000000001111
Exp 011000000000000001100000001100000000000001100
MaxExp 01100
Aligned_pp 101110000000000000000000000001100000000000000000111111100110000000000000000000000100100000000000000000000000000000000000000000000111100000000000
Adder 00100111011001100110

Input 65
Signed_pp 111010000001110110100000000000111000110000000
Exp 000110000010001100010000000000011000111000000
MaxExp 10001
Aligned_pp 111111111111111100000000000000000111000000000000101100000000000000000000000000000000000000000000111111010000000000001100000000000000000000000000
Adder 00110010100011111111

Input 66
Signed_pp 000000000011101011100100000000110010000001001
Exp 000000000010011010110011100000001100000001111
MaxExp 10011
Aligned_pp 000000000000000000000000000000001001100000000000000000000111000000000000000001000000000000000000111111111111111000000000000000000000010010000000
Adder 00011001110011110010

Input 67
Signed_pp 000000000000000110100110100000111110000011111
Exp 000000000000000010000101100000000000000010011
MaxExp 10011
Aligned_pp 000000000000000000000000000000000000000000000000111111111111011000000000011010000000000000000000000000000000000000000000000000001000100000000000
Adder 00011000100001011110

Input 68
Signed_pp 111001110100000000000100101000111101101001101
Exp 100000100000000000001010001000011010011001000
MaxExp 10100
Aligned_pp 111110100000000011111111111110100000000000000000000000000000000001001000000000000000000000000100111111110010000011111111111111110000000000000110
Adder 01000100000100100011

Input 69
Signed_pp 110000101000000110101110000000000001110001110
Exp 011010101100000011010100100000000001000001110
MaxExp 10000
Aligned_pp 111110000000000000000010100000000000000000000000111101100000000011111111010000000000000000000000000000000000000010100000000000000001110000000000
Adder 00111010101111000000

Input 70
Signed_pp 000001111101110010110000000000111001110111001
Exp 000000101001100011000000000000001110100110001
MaxExp 10001
Aligned_pp 000000000000000011111111000100000000001110000000000000101100000000000000000000000000000000000000111111111110100011111111100110001011100000000000
Adder 00111011110011010000

Input 71
Signed_pp 000000000011101011010000011001011110101111001
Exp 000000000001111001110000000010001111001110101
MaxExp 10101
Aligned_pp 000000000000000000000000000000001111111001100000000000000000000100000000000000000000000000000000000000000000000100010110000000001011100000000000
Adder 00011100110001100010

Input 72
Signed_pp 010100101000000000000000011000000000100001101
Exp 010000011000000000000000001111000000101101101
MaxExp 01111
Aligned_pp 000000001010000000000000001010000000000000000000000000000000000000000000000000001100000000000000000000000000000000000100000000000001101000000000
Adder 00001101111011001000

Input 73
Signed_pp 010001101111110110101111100000110110000000000
Exp 100100011000010011110100000000011110000000000
MaxExp 10010
Aligned_pp 010000000000000011111111111110110000000000000000111101100000000011111111111000100000000000000000111101010000000000000000000000000000000000000000
Adder 01000010101011011101

Input 74
Signed_pp 011010000000000110110000000000110110100011001
Exp 100000000000000101010000000000100110111001101
MaxExp 10101
Aligned_pp 000000110100000000000000000000000000000000000000101010000000000000000000000000000000000000000000111010100000000000000000100000001111111110111000
Adder 00101001010101111000

Input 75
Signed_pp 000000000000000000000000011011000000000011001
Exp 000000000000000000000000010010000000000001101
MaxExp 10010
Aligned_pp 000000000000000000000000000000000000000000000000000000000000000000000000000000001010100000000000000000000000000000000000000000001111110111000000
Adder 00011010010111000000

Input 76
Signed_pp 111110000000000000001100000000000001111011001
Exp 100010000000000000000011100000000000111001110
MaxExp 10001
Aligned_pp 100010000000000000000000000000000000000000000000000000000000000011111111111100000000000000000000000000000000000011110010000000001111011100000000
Adder 00110111000011110000

Input 77
Signed_pp 000001101101110000001100000000000001100111100
Exp 000000111101100000000110100000000001000000000
MaxExp 10000
Aligned_pp 000000000000000011010100000000000000011100000000000000000000000011111000000000000000000000000000000000000000000010111000000000000000000000000000
Adder 00101000101100000000

Input 78
Signed_pp 111100101001001000000000011001000001101011000
Exp 000111001100111000000000010010000000110001110
MaxExp 10011
Aligned_pp 000000000000000001010000000000000000000000000100000000000000000000000000000000001101110000000000000000000000000011111111011000001111111000000000
Adder 00110010100101100100

Input 79
Signed_pp 010010000001001010000000000000000000000011011
Exp 100110000001110100000000000000000000000001110
MaxExp 10011
Aligned_pp 010010000000000000000000000000000000001001000000000010000000000000000000000000000000000000000000000000000000000000000000000000001111110101000000
Adder 00010100111110000000

Input 80
Signed_pp 000000000001000111000000011001111010000000000
Exp 000000000001111101010000001011101010000000000
MaxExp 10101
Aligned_pp 000000000000000000000000000000000000000100000000101000000000000000000000000000001111111111101110100110000000000000000000000000000000000000000000
Adder 00100011100011101110

Input 81
Signed_pp 011011100001110010100110011011000001111000000
Exp 010010111101010011010101101101000000011100000
MaxExp 01111
Aligned_pp 000000011010000011000000000000000000001110000000000101000000000000000110000000001110101000000000000000000000000011111111100100000000000000000000
Adder 00101100100010110000

Input 82
Signed_pp 000000100111001010111110000000110010000000000
Exp 000000010000111100000101100000000100000000000
MaxExp 10000
Aligned_pp 000000000000000000000000000001001111111111011100010110000000000011111101000000000000000000000000111111111111111100000000000000000000000000000000
Adder 00110101010011011111

Input 83
Signed_pp 000000000001110000001101000000010011101101110
Exp 000000000001111000000101000000011110111100110
MaxExp 01111
Aligned_pp 000000000000000000000000000000000111000000000000000000000000000011111101100000000000000000000000010010000000000010101000000000000000000000111000
Adder 00100101110110111000

Input 84
Signed_pp 011000100011010000001100100000000000000001100
Exp 011000100101000000000101100000000000000001010
MaxExp 01100
Aligned_pp 011000000000000000001000000000001111101100000000000000000000000011011100000000000000000000000000000000000000000000000000000000000001100000000000
Adder 00100101011100000000

Input 85
Signed_pp 000000000011101010001110000000010101111000000
Exp 000000000001000100000110000000001100011100000
MaxExp 10000
Aligned_pp 000000000000000000000000000000001111111110011000010000000000000011111010000000000000000000000000000000000001010011111111110010000000000000000000
Adder 00110011100101110100

Input 86
Signed_pp 000000000000000000000100001010010110000001110
Exp 000000000000000000000111001110100010000001001
MaxExp 10001
Aligned_pp 000000000000000000000000000000000000000000000000000000000000000000001000000000000000101000000000010110000000000000000000000000000000000001110000
Adder 00000110101001110000

Input 87
Signed_pp 111110000000000000000000011001000000100101000
Exp 001100000000000000000000001001000000100000110
MaxExp 01001
Aligned_pp 111100010000000000000000000000000000000000000000000000000000000000000000000000001011100000000000000000000000000000100100000000000000100000000000
Adder 00011101010100000000

Input 88
Signed_pp 011101101111101010000000000000000000000000000
Exp 001110011001010010000000000000000000000000000
MaxExp 01010
Aligned_pp 000011100000000011111010100000001001100000000000000100000000000000000000000000000000000000000000000000000000000000000000000000000000000000000000
Adder 00011011000010000000

Input 89
Signed_pp 111010111000000110110111101010000000000011101
Exp 010010110000000000100001101011000000000010010
MaxExp 10010
Aligned_pp 111111111100110000000001110000000000000000000000000000000000000000000000000000000000000010100000000000000000000000000000000000001001100000000000
Adder 00011001101000101100

Input 90
Signed_pp 110000000011111111110000000000000000111001000
Exp 100100000001111000100000000000000000100000100
MaxExp 10010
Aligned_pp 110000000000000000000000000000001111000100000000000000000000000000000000000000000000000000000000000000000000000000000000000111000000000000000001
Adder 00011011000100011101

Input 91
Signed_pp 000000110100000000000000011001000001110100000
Exp 000000110000000000000000000101000000110000000
MaxExp 01100
Aligned_pp 000000000000000001101000000000000000000000000000000000000000000000000000000000001111111101110000000000000000000010011000000000000000000000000000
Adder 00011111111101110000

Input 92
Signed_pp 000001100100000000000000001011111101111111010
Exp 000000010100000000000000010011001100011001000
MaxExp 10011
Aligned_pp 000000000000000011111111111111110000000000000000000000000000000000000000000000000101100000000000111111111111110111111111111111011111111111110110
Adder 01000101011111101111

Input 93
Signed_pp 000000000000000110111111000000011100111001001
Exp 000000000000000100110111100000010100110000110
MaxExp 10011
Aligned_pp 000000000000000000000000000000000000000000000000101010000000000011111001000000000000000000000000000000000011100000000000111000000000000000000010
Adder 00011010001000011010

Input 94
Signed_pp 000000000000000111101100000000000001111000000
Exp 000000000000000000010001000000000000111000000
MaxExp 01110
Aligned_pp 000000000000000000000000000000000000000000000000111111111111110111111111111111000000000000000000000000000000000010010000000000000000000000000000
Adder 00101000111111111001

Input 95
Signed_pp 000000000000000000001101001001000001110001001
Exp 000000000000000000000111001101000000110001000
MaxExp 01110
Aligned_pp 000000000000000000000000000000000000000000000000000000000000000010110000000000000010010000000000000000000000000011101000000000000000000100100000
Adder 00011011110100100000

Input 96
Signed_pp 110011100000000000000000000000111101100000000
Exp 100110101100000000000000000000011010111100000
MaxExp 10011
Aligned_pp 101110000000000011111111110000000000000000000000000000000000000000000000000000000000000000000000111111100100000011111100000000000000000000000000
Adder 00111011001000000000

Input 97
Signed_pp 000000000000000011000000000000110110111011101
Exp 000000000000000001110000000000010111001000111
MaxExp 10010
Aligned_pp 000000000000000000000000000000000000000000000000000000000000110000000000000000000000000000000000111111110101000001110000000000001111111111110011
Adder 00100110111101001111

Input 98
Signed_pp 111110000000000000000000011000011011101101000
Exp 010010000000000000000000000101100010101000000
MaxExp 10001
Aligned_pp 111111111000100000000000000000000000000000000000000000000000000000000000000000001111111111111100011010000000000011111111010100000000000000000000
Adder 00110110011011010100

Input 99
Signed_pp 000000000011011000000000001100000000000000000
Exp 000000000010101000000000001111000000000000000
MaxExp 10101
Aligned_pp 000000000000000000000000000000001010100000000000000000000000000000000000000000000000000110000000000000000000000000000000000000000000000000000000
Adder 00001010100110000000

Input 100
Signed_pp 110110100001011000000000011001111000101101101
Exp 011100101101001000000000001011100000111001110
MaxExp 10000
Aligned_pp 111010100000000000000010000000000000000010110000000000000000000000000000000000001111110111000000101000000000000000010110000000000001101000000000
Adder 00101011101001110000

