Input 1
Signed_pp 111101110001010010101100101011010000111101001
Exp 001110000110011010111000001101100010011010001
MaxExp 10011
Aligned_pp 111111111111100100000000000000000101000000000000000000000101000011110111000000000000000101100000000100000000000000000000000000110001001000000000
Adder 00100110101010101100

Input 2
Signed_pp 010010100011001111000000011010011011111011001
Exp 001011001101111100010000010000000110011110001
MaxExp 10011
Aligned_pp 000000000000000101000000000000001111101110000000111010000000000000000000000000001111011000000000000000000000000011111111111110011110111000000000
Adder 01010000011101111010

Input 3
Signed_pp 010010101001111011010100011100000001101001010
Exp 010100100100101001110100001011000000111110001
MaxExp 10001
Aligned_pp 000000001001000000000000010100000000000000000111000000000001101000000000001000001111111010000000000000000000000011101100000000000101000000000000
Adder 00100011101110100001

Input 4
Signed_pp 010010101001100011100111101001000000101101110
Exp 001010110001111011010011100110000000010100101
MaxExp 01111
Aligned_pp 000000000001001000001010000000000110000000000000000111000000000000000000011110000000000000100100000000000000000000000000000101100000000000011100
Adder 00001000011011100000

Input 5
Signed_pp 011100110111101010011111011111011000111011111
Exp 100000101001110010100110001011000111001001111
MaxExp 10010
Aligned_pp 000111000000000000000000011010001111100110000000000000000100100011111110010000001111111100010000000000000000000001110000000000001111000100000000
Adder 01000111010010000000

Input 6
Signed_pp 011110110001010011111100111100110011111000000
Exp 000110001110001010110110100100010100000000000
MaxExp 10001
Aligned_pp 000000000000000100000000000000010101000000000000000000011110000011111011100000001111111111111101111111110111000000000000000000000000000000000000
Adder 00110100110011001111

Input 7
Signed_pp 111100100101011011011101111111110100111011101
Exp 010010000101001010000101100011010100100101111
MaxExp 01111
Aligned_pp 111111100100000000000000000000010000000101100000000000001101000011111010100000001111111111111001111111011000000000000001110000001001100000000000
Adder 01001001001000101010

Input 8
Signed_pp 010110000001111010101110011100110010110000000
Exp 010110000000001000100010101010011000100100000
MaxExp 01100
Aligned_pp 001011000000000000000000000000000000000000001111000000000001010011111111010000001110100000000000101110000000000000001100000000000000000000000000
Adder 00101101011101100011

Input 9
Signed_pp 111110110001011000001100101001000000110101110
Exp 010000010100111000000101000101000000100100011
MaxExp 01010
Aligned_pp 111000100000000000000011000000000000101100000000000000000000000010111000000000000000001001000000000000000000000000110100000000000000000011100000
Adder 00011101111100100000

Input 10
Signed_pp 000000100111100110011101001111010001101001001
Exp 000000101000101011010100000011010010100000010
MaxExp 01101
Aligned_pp 000000000000000000001001000000001111111110100000101110000000000011111101100000000000000000011110000001000000000011111101100000000000000000001001
Adder 00111011111111000111

Input 11
Signed_pp 111001101111000000000111111110111000101101110
Exp 010000100000100000001001001100001010101010001
MaxExp 10010
Aligned_pp 111111111110100011111111111010101111111111111111000000000000000001111000000000001111111001000000111111111111110100000000010110000011100000000000
Adder 01011010111001100110

Input 12
Signed_pp 011000101111100011110000001111011100111100000
Exp 000101001001111010000000001010010000100100000
MaxExp 10010
Aligned_pp 000000000000000001011000000000001111010000000000000000000001111000000000000000000000000001111000000000000001110000000000001111000000000000000000
Adder 00010100110011101110

Input 13
Signed_pp 111000110111011110111100001010010101111001101
Exp 011011010100101001110100101010001010010001100
MaxExp 10101
Aligned_pp 111111111010000001101000000000000000000000000000111111111111111111111111111111000000000000001010000000000000000000000000000000000000000000110100
Adder 00110110011111011001

Input 14
Signed_pp 010000101111001011001101101110110010000001111
Exp 100010101001111010110100001011010000000010000
MaxExp 10001
Aligned_pp 010000000000000000000000101100001110111000000000000000011000000011111111110101000000000111000000111111111101110000000000000000000011110000000000
Adder 00110110110110100000

Input 15
Signed_pp 111100101001011000000100011100010000110101111
Exp 011010110101100000000001001100011110110110000
MaxExp 10000
Aligned_pp 111100100000000000001010000000000000010110000000000000000000000000000000000000011111101000000000001000000000000000001101000000000111100000000000
Adder 00101010000010000001

Input 16
Signed_pp 111100110111100111100100001101011011101001111
Exp 011101000001001001000111010010011110111001110
MaxExp 10010
Aligned_pp 111110010000000000011010000000001111111111010000111111111111111100000100000000000110100000000000000011010000000011111011000000000000011110000000
Adder 01001000111001001111

Input 17
Signed_pp 111100101001100111010110111101011110100001011
Exp 001010111101000101010111110001011110110110000
MaxExp 10101
Aligned_pp 000000000000000000000001010000000000000000000011100110000000000000000001101000001111100110000000000000011110000000000000010000000000001011000000
Adder 00011001100101000011

Input 18
Signed_pp 010000000001001110010000011110010010110101110
Exp 011000000010011100000000000110001010111001001
MaxExp 10011
Aligned_pp 000000001000000000000000000000000100100000000000111101110000000000000000000000001111111111111101000000000000000100000011010000000000000000011100
Adder 00100100001011011010

Input 19
Signed_pp 110011110100000110001111011010111110100001000
Exp 000010110000000011010001001101000110001101001
MaxExp 01101
Aligned_pp 111111111111110011001100000000000000000000000000110000000000000011111111111100101011000000000000111111111110001000000000000100000000010000000000
Adder 01010011111111100000

Input 20
Signed_pp 010001110000000010101110111001010111111101110
Exp 100010111000000010110001001010100101001001010
MaxExp 10010
Aligned_pp 001000000000000011111010000000000000000000000000000000001010000000000000000000001111111110111000010110000000000010001000000000000000000001110000
Adder 00101111101011001000

Input 21
Signed_pp 111000111001011000001110111001111111100101101
Exp 010001000001101000000111100010001110001001001
MaxExp 10000
Aligned_pp 111111111010000001110000000000000000101100000000000000000000000011001100000000001111111111111111111111111100010011111111111111110000000011010000
Adder 01010100011100110010

Input 22
Signed_pp 011010000000000011011110001000110000110101010
Exp 010000000000000000110110101001001011000010000
MaxExp 10000
Aligned_pp 000000000110100000000000000000000000000000000000000000000000001111110100000000000000000010000000111111111111100001101000000000000101000000000000
Adder 00101010110011100011

Input 23
Signed_pp 111010111100000010000111111100111000101011010
Exp 010000011100000001110111010010101011001101001
MaxExp 10101
Aligned_pp 111111111111110100000000000000010000000000000000000000000000000100000000111100001111010000000000101000000000000000010100000000001111111111111011
Adder 00111010100011101010

Input 24
Signed_pp 011000100101111011000111101001111000000011110
Exp 011100111101111010110110010010000100000000011
MaxExp 10010
Aligned_pp 000001100000000000001001000000000000111100000000000000001100000000000001111000000100100000000000000000000000000000000000000000000000000000000000
Adder 00000110100010100000

Input 25
Signed_pp 010001110001111000000000001000011100100101000
Exp 100100101110000000000000001111100110110101101
MaxExp 10011
Aligned_pp 001000000000000011111111101000000000111100000000000000000000000000000000000000000000010000000000011100000000000000000001001000000000000100000000
Adder 00011010010011000000

Input 26
Signed_pp 010000101011100010000110001000011001110011101
Exp 010000100001010010000011100101100111000101000
MaxExp 10011
Aligned_pp 000000000000100000000000000010101111111111010000000000000000100000000000000001100000000000000001011000000000000011101000000000001111111111110011
Adder 00110100011111100100

Input 27
Signed_pp 000001100101000110111111101011010000110101000
Exp 000000110101100010010011100111001110001101111
MaxExp 01111
Aligned_pp 000000000000000011101110000000000000100000000000111111101010000011111111100010000000000001011000000000000100000000000000000001100100000000000000
Adder 00110011010011000110

Input 28
Signed_pp 110101111101111011000000001010111011110011011
Exp 000100011001101010100000000101101010000100101
MaxExp 10101
Aligned_pp 000000000000000000000000000000000000000001111000000000000000110000000000000000000000000000000000100110000000000000000000000000000000000000000000
Adder 00001001100010000100

Input 29
Signed_pp 011110100111110011100100011010110010100011110
Exp 001010100101010001010111010000001000011101111
MaxExp 10000
Aligned_pp 000000000000111100000000100100001111111001000000000000000000111000010000000000001011000000000000111111111111110000000000001000001100100000000000
Adder 00111000011100001001

Input 30
Signed_pp 111100100111000011110101101001010111101101101
Exp 100010111110100011100010000011001100100001000
MaxExp 10100
Aligned_pp 111100100000000000000010010000001100000000000000000000011110000000000000000000000000000000000000000000000000000111111111111110110000000000000110
Adder 00101011011000100010

Input 31
Signed_pp 010011111011110110100100101010011101111111110
Exp 010010100101111001010001001111010010110010010
MaxExp 10010
Aligned_pp 000000000010010011111111110010001111001000000000111111111111111000000000000000000000101000000000000000000011100011111110001000001001000000000000
Adder 01001000101001000010

Input 32
Signed_pp 010110101000000010100000001111111010111101000
Exp 011010011100000001110000000110001010110110100
MaxExp 10100
Aligned_pp 000000001011000000000000000000100000000000000000000000000000001000000000000000000000000000000001000000000000000000000000111100000100000000000000
Adder 00000100000110100101

Input 33
Signed_pp 110000101101011010110101000000011100100111110
Exp 100110100100011001111001100000010100001010010
MaxExp 10011
Aligned_pp 110000000000000000000000000101100000000000000000000000000000010101010000000000000000000000000000000000000011100000000000000000001100100000000000
Adder 00011101100001010011

Input 34
Signed_pp 111000110100000000001100000000110101100100000
Exp 010000100100000000000100100000001010111000000
MaxExp 01110
Aligned_pp 111111101000000000000011010000000000000000000000000000000000000011111110000000000000000000000000111111111101100010111000000000000000000000000000
Adder 00111011011110011000

Input 35
Signed_pp 111001110101001010100101111010000000100001010
Exp 100010100000110010000010101011000001000001000
MaxExp 10001
Aligned_pp 101000000000000011111111110011000000000000001001000000000010100000000000000001011111111011000000000000000000000000100000000000000000000000101000
Adder 00101011111011101010

Input 36
Signed_pp 110011101111010000000100101101010000100001100
Exp 100010101001101000000110001110100100100001110
MaxExp 10010
Aligned_pp 110111000000000011111111101010001111110110000000000000000000000000000001001000000000011010000000010000000000000000000000000100000000011000000000
Adder 00110010011011011000

Input 37
Signed_pp 000000111111001010011101100000111000100001110
Exp 000001000000101010110101000000001010101100100
MaxExp 10000
Aligned_pp 000000000000000001111000000000001111111111110111000000100100000011111110101000000000000000000000111111111111010000000010000000000000000000000111
Adder 00110111101011010010

Input 38
Signed_pp 000000111001100000000000001100000001110101100
Exp 000000101100100000000000001000000000010000111
MaxExp 01011
Aligned_pp 000000000000000001110000000000000000000011000000000000000000000000000000000000000000110000000000000000000000000011111111001100000000011000000000
Adder 00011000000111110000

Input 39
Signed_pp 010010100111110011010000001011011010110111011
Exp 100100101000101011010000001101000100011101101
MaxExp 10010
Aligned_pp 010010000000000000000000010010001111111111111101000000110100000000000000000000000000001011000000000000000000000000000000000011011111110101000000
Adder 00100100101110010010

Input 40
Signed_pp 010000100101000011101111000000010011110011011
Exp 010111000001100000110000000000001110101010010
MaxExp 10010
Aligned_pp 000000001000000000010010000000000000000100000000000000000000000000000000000000000000000000000000000000000000100111111111101000001010100000000000
Adder 00011011101100101001

Input 41
Signed_pp 110100110001111011111111001011010111111101111
Exp 011011000100111010010110000101100000100100100
MaxExp 10001
Aligned_pp 111110110000000001100000000000000000000000011110000000000111100011111100100000000000000000000101001011000000000011111111100010000000000000000011
Adder 00111000001110100110

Input 42
Signed_pp 110110100101011110110101011001000000101101101
Exp 000110100101101010100011001001000000101001110
MaxExp 01110
Aligned_pp 111111111111010100000010010000000010110000000000111110101000000000000000010100001111110111000000000000000000000000000101100000000110100000000000
Adder 00111001010001000101

Input 43
Signed_pp 011100100000000011101101001100010010111101101
Exp 001000101000000100100100010000010111000001001
MaxExp 10010
Aligned_pp 000000000000000100000000010000000000000000000000011100000000000011111111111011000001100000000000000000001001000000011110000000000000000000110100
Adder 00011010011011110001

Input 44
Signed_pp 010010101100000111111101111000000000000000000
Exp 001010001100000101000100101001000000000000000
MaxExp 10100
Aligned_pp 000000000000000000000000000000000000000000000000100010000000000011111111111101011111111111111000000000000000000000000000000000000000000000000000
Adder 00101000011111101101

Input 45
Signed_pp 111111111101100011010100111000110100111000000
Exp 011000010101111001000100000101101000000000000
MaxExp 10100
Aligned_pp 111111111000100000000000000000000000001100000000000000000000000000000000000001000000000000000000101100000000000000000000000000000000000000000000
Adder 00011011001010001100

Input 46
Signed_pp 111101110101010011011101011101110000111011011
Exp 001010110101001010011001001000001100101010000
MaxExp 10010
Aligned_pp 111111111111110111111100110000000000000000101000000000000011010010110000000000001111111111100110111111111111110000000000011100001110101000000000
Adder 01011001011101101011

Input 47
Signed_pp 111010111001111111000000011001011100100111011
Exp 000000100000110001110000001011010000010001010
MaxExp 01011
Aligned_pp 111111111111001100001110000000000000001111000000111110100000000000000000000000001011100000000000000011100000000000000000100100001101010000000000
Adder 00111010011001000011

Input 48
Signed_pp 000001100001101010001110111111010100110101100
Exp 000000011101111010100100100010011010101000101
MaxExp 01111
Aligned_pp 000000000000000011111111110000000110100000000000000000100000000011111110011000001111111111111101000101000000000000000011010000000000000000011000
Adder 00110111111101110101

Input 49
Signed_pp 010011100011011010100110001010110010000001010
Exp 100000101110011011101001100110000010000000011
MaxExp 10011
Aligned_pp 000010010000000011111111110000001010100000000000000000101000000001100000000000000000000000000010000000000000000000000000000000000000000000000000
Adder 00100001001101000010

Input 50
Signed_pp 111001111011110110000111101101000000000000000
Exp 100000001000101010100011010011000000000000000
MaxExp 10011
Aligned_pp 111101000000000000000000000000001111111111111111111111111110000000000000000000110110100000000000000000000000000000000000000000000000000000000000
Adder 00110101101111100010

Input 51
Signed_pp 111111111111010011110110000000011001101011010
Exp 011011000000101010000100000000010100010100100
MaxExp 10000
Aligned_pp 111100010000000010001000000000001111111111110110000000000111100000000000011000000000000000000000000000011000000011111111111101101111111111111011
Adder 01000111101100111111

Input 52
Signed_pp 110111100011010011011111100000010000000011111
Exp 000000100010001011100100000000011100000010100
MaxExp 10100
Aligned_pp 000000000000000011111111111111001111011000000000000000011010000011111111111110010000000000000000000000010000000000000000000000001000100000000000
Adder 00111000000010010101

Input 53
Signed_pp 010001100011110011010110011001110110101011010
Exp 101000110101101101010110001101001111001001001
MaxExp 10101
Aligned_pp 001000000000000011111111110000001111111110010000011010000000000000000000001100001111111110111000111111111111111100001010000000001111111111111011
Adder 01011001000100110010

Input 54
Signed_pp 010001111001101111101111000000111110100111011
Exp 100100101101001100110010000000100100111001101
MaxExp 10011
Aligned_pp 001000000000000011111111100100000000000000011010100100000000000000000000000000000000000000000000110001000000000000000010010000001111111010100000
Adder 00110111010010001010

Input 55
Signed_pp 011010100011000010111111101101011011111101010
Exp 101011000101111010011001001010100010010010000
MaxExp 10101
Aligned_pp 011010000000000000000100000000001111111100000000000000000000010111110001000000000000000000001101000001101000000000000000000000000000001010000000
Adder 00100110010100010010

Input 56
Signed_pp 000000000011110110111100101101110101101111111
Exp 000000000001101010000011000101011010010101010
MaxExp 01101
Aligned_pp 000000000000000000000000000000001001000000000000111111010100000011111111011100000000000001101000101100000000000011111111101010001111000100000000
Adder 01010010110111000000

Input 57
Signed_pp 000000000000000010110111001101010000110001100
Exp 000000000000000010110000110000011000001100110
MaxExp 10000
Aligned_pp 000000000000000000000000000000000000000000000000000000101100000000000000000000000110100000000000000001000000000000000000000000110000000000011000
Adder 00000110111011011011

Input 58
Signed_pp 011010000011111011100000001110111100000001001
Exp 001100000000100011000000000010100100000010100
MaxExp 10100
Aligned_pp 000000000000000100000000000000000000000000000000000000000111000000000000000000000000000000000000111001000000000000000000000000000100100000000000
Adder 00010010110001110001

Input 59
Signed_pp 010111101101100000000000011100110010111011000
Exp 010011000010001000000000001101010101000000100
MaxExp 10001
Aligned_pp 000000000101100011010100000000000110000000000000000000000000000000000000000000001111101000000000111111110111000000111000000000001111111111111110
Adder 01000110010111000110

Input 60
Signed_pp 010000111101101010100100111101011001111001011
Exp 011000110100101010010011000111001100100001110
MaxExp 01110
Aligned_pp 000100000000000000111100000000000000000000110100000000101000000000000000010010001111111100110000000000000110000011111110010000000101100000000000
Adder 00101010010011001100

Input 61
Signed_pp 111110111001001110100000001101111011111011111
Exp 010100101100100001110000001111010100100001001
MaxExp 01111
Aligned_pp 111111000100000000000111000000000000000000001001111111111011000000000000000000000110100000000000111111001100000011111111001000001111111000100000
Adder 01010110010011111001

Input 62
Signed_pp 010111101001001110111110101100110000110111011
Exp 010110111010011001100000110000010000110001000
MaxExp 10011
Aligned_pp 000000000101100011111101100000000100100000000000111111111111111000000000000000000000110000000000111111111111100000000000110100001111111111110101
Adder 01000101001010010011

Input 63
Signed_pp 010110110101010010101101011101011010000011011
Exp 001110011110010010110011001101010000000001111
MaxExp 10010
Aligned_pp 000000000000101100000000000011010101000000000000000000001010000011111111111110111111110011000000000000000001101000000000000000001111010100000000
Adder 00110100001010001101

Input 64
Signed_pp 110010110101010111010100101001010110100101111
Exp 011000000001101001100111101100000010010001100
MaxExp 01111
Aligned_pp 111101110000000000000000000000000001010000000000111111111100110001001000000000000000100100000000000000000000000100000000000010010000111100000000
Adder 00100110101011010110

Input 65
Signed_pp 111010000001110110100000001011111000110011011
Exp 000110000010001100010000000111011000111001010
MaxExp 10001
Aligned_pp 111111111111111100000000000000000111000000000000101100000000000000000000000000000000000000010110111111010000000000001100000000001111111101010000
Adder 01000010100001100101

Input 66
Signed_pp 110001100011101011100100001110110011100001001
Exp 010010001010011010110011100011001101000001111
MaxExp 10011
Aligned_pp 111111111111000000000000000000001001100000000000000000000111000000000000000001000000000000000000111111111111111011111000000000000000010010000000
Adder 00111001010011100010

Input 67
Signed_pp 010110111111110110100110100000111110101011111
Exp 010110111001010010000101100000000000001010011
MaxExp 10011
Aligned_pp 000000000101100000000011110000001111111111001000111111111111011000000000011010000000000000000000000000000000000000000000000000001000100000000000
Adder 00101000110000111110

Input 68
Signed_pp 111001110111100000000100101000111101101001101
Exp 100000100010001000001010001000011010011001000
MaxExp 10100
Aligned_pp 111110100000000011111111111110101111010000000000000000000000000001001000000000000000000000000100111111110010000011111111111111110000000000000110
Adder 01010011010100100011

Input 69
Signed_pp 110000101001000110101110001100010001110001110
Exp 011010101100110011010100100101100001000001110
MaxExp 10000
Aligned_pp 111110000000000000000010100000000000000000010000111101100000000011111111010000000000000000001100010000000000000010100000000000000001110000000000
Adder 00111110101111011100

Input 70
Signed_pp 010101111101110010111111011100111001110111001
Exp 010100101001100011000110010001001110100110001
MaxExp 10001
Aligned_pp 000000001010000011111111000100000000001110000000000000101100000011111100100000001010000000000000111111111110100011111111100110001011100000000000
Adder 01010101100111110000

Input 71
Signed_pp 000001101011101011010101011001011110101111001
Exp 000000010101111001110001000010001111001110101
MaxExp 10101
Aligned_pp 000000000000000000000000000000001111111001100000000000000000000100000000000000000000000000000000000000000000000100010110000000001011100000000000
Adder 00011100110001100010

Input 72
Signed_pp 010100101001111000000000011000010010100001101
Exp 010000011001001000000000001111000110101101101
MaxExp 01111
Aligned_pp 000000001010000000000000001010000000000111100000000000000000000000000000000000001100000000000000000000000000010000000100000000000001101000000000
Adder 00001110000010101100

Input 73
Signed_pp 010001101111110110101111101111110111110100000
Exp 100100011000010011110100001110011110011100000
MaxExp 10010
Aligned_pp 010000000000000011111111111110110000000000000000111101100000000011111111111000100000011110000000111101010000000011111111111100110000000000000000
Adder 01010011001001010000

Input 74
Signed_pp 011010111001011110110111111111110110100011001
Exp 100001000000101101010010100111100110111001101
MaxExp 10101
Aligned_pp 000000110100000000000011100000000000000000000000101010000000000000000000000000001111111111111111111010100000000000000000100000001111111110111000
Adder 00111001100011110111

Input 75
Signed_pp 010001101001100000000110011011000001111011001
Exp 010110111110000000001010010010000000011101101
MaxExp 10100
Aligned_pp 000000000010000011111101100000000000011000000000000000000000000001100000000000001110101000000000000000000000000011111111111111011111111101110000
Adder 01000100110100001101

Input 76
Signed_pp 111111110011111011001100001011110011111011001
Exp 100010100001001001100011100100000010111001110
MaxExp 10001
Aligned_pp 100010000000000011111111110100001111111110001000000000000000110011111111111100000000000000000010000000000000000011110010000000001111011100000000
Adder 01010111000001010110

Input 77
Signed_pp 000001101101110111101100001010010101100111100
Exp 000000111101100010110110101101010111000000000
MaxExp 10000
Aligned_pp 000000000000000011010100000000000000011100000000111111001000000011111000000000000000101000000000000000101000000010111000000000000000000000000000
Adder 00111001010000000000

Input 78
Signed_pp 111100101001001000001100011001110001101011000
Exp 000111001100111000001010010010100100110001110
MaxExp 10100
Aligned_pp 000000000000000000101000000000000000000000000010000000000000000011000000000000001110111000000000111100000000000011111111101100001111111100000000
Adder 01001100010010110010

Input 79
Signed_pp 010010111101001010001110001100110011100111011
Exp 100111001001110100000111100101010010000101110
MaxExp 10011
Aligned_pp 010010000000000000111100000000000000001001000000000010000000000011111010000000000000000000000001111111111110111000000000000000001111110101000000
Adder 00111000010101101111

Input 80
Signed_pp 000001111001000111001100011001111010000011101
Exp 000000011001111101010011101011101010000000111
MaxExp 10101
Aligned_pp 000000000000000000000000000000000000000100000000101000000000000011111111111111111111111111101110100110000000000000000000000000001111111111111111
Adder 01000011100011101100

Input 81
Signed_pp 011011100001110010100110011011111001111011000
Exp 010010111101010011010101101101001110011100100
MaxExp 01111
Aligned_pp 000000011010000011000000000000000000001110000000000101000000000000000110000000001110101000000000111111111010000011111111100100001111111111111000
Adder 01001100100001001000

Input 82
Signed_pp 000000100111001010111110011101110011100101111
Exp 000000010000111100000101100011000100111001010
MaxExp 10000
Aligned_pp 000000000000000000000000000001001111111111011100010110000000000011111101000000001111111111111101111111111111111111101110000000000000000111100000
Adder 01010100010010111100

Input 83
Signed_pp 110100111001110011011101011011010011101101110
Exp 010100100101111010110101000011011110111100110
MaxExp 01111
Aligned_pp 111111011000000000000001110000000111000000000000000001101000000011111101100000001111111111111011010010000000000010101000000000000000000000111000
Adder 01000110001101110011

Input 84
Signed_pp 011000100011010000001100100000011000101001100
Exp 011000100101000000000101100000000110011101010
MaxExp 01100
Aligned_pp 011000000000000000001000000000001111101100000000000000000000000011011100000000000000000000000000000000000011000000000010100000000001100000000000
Adder 00100101100110110000

Input 85
Signed_pp 110101111011101010001110011101010101111001101
Exp 101000110001000100000110001011001100011110001
MaxExp 10100
Aligned_pp 101100000000000011111111100100001111111111111010000001000000000011111111101000001111111111001100000000000000000111111111111111010000110100000000
Adder 01011011111111110100

Input 86
Signed_pp 010011110001010010010100001010010111100101110
Exp 010110010101111001100111001110100010000101001
MaxExp 10001
Aligned_pp 000000010010000011111111111110100001010000000000000000000000100100001000000000000000101000000000010110000000000000000000000000000000000001110000
Adder 00010111111110010011

Input 87
Signed_pp 111110101001100000001100111001000000100101000
Exp 001100100101001000000101001001000000100000110
MaxExp 01010
Aligned_pp 111110001000000000101000000000000011000000000000000000000000000010111000000000001101110000000000000000000000000000010010000000000000010000000000
Adder 00101111101010000000

Input 88
Signed_pp 011101101111101010000000011101000000100111011
Exp 001110011001010010000000010011000000011101100
MaxExp 10011
Aligned_pp 000000000000011111111111111111101111111111001100000000000000100000000000000000001001100000000000000000000000000000000000000001001111111101010000
Adder 00111001011100101101

Input 89
Signed_pp 111010111001100110110111101010011101100011101
Exp 010010110010010000100001101011011001000110010
MaxExp 10010
Aligned_pp 111111111100110000000001110000000110000000000000000000000000000000000000000000000000000010100000000000011100000011100000000000001001100000000000
Adder 00101101101111101100

Input 90
Signed_pp 110000101011111111111101101010110100111000000
Exp 100100101101111000101000010011011110100000000
MaxExp 10011
Aligned_pp 111000000000000000000000010100001111100010000000000000000000000011110101000000000101000000000000111110110000000000000000000011100000000000000000
Adder 01000001100011011110

Input 91
Signed_pp 000000110111000010010000011001000001110100000
Exp 000000110001100010100000000101000000110000000
MaxExp 01100
Aligned_pp 000000000000000001101000000000001100000000000000000100100000000000000000000000001111111101110000000000000000000010011000000000000000000000000000
Adder 00101101000101110000

Input 92
Signed_pp 000001100111001011011101001011111101111111010
Exp 000000010100101001011001010011001100011001000
MaxExp 10011
Aligned_pp 000000000000000011111111111111111111111111111111000000000000000111011000000000000101100000000000111111111111110111111111111111011111111111110110
Adder 01100010111111101111

Input 93
Signed_pp 000001100100000110111111011011011100111001001
Exp 000000101000000100110111101011010100110000110
MaxExp 10011
Aligned_pp 000000000000000011111111110111000000000000000000101010000000000011111001000000001111111110101000000000000011100000000000111000000000000000000010
Adder 00111010000110011110

Input 94
Signed_pp 110100100011000111101100000000000001111000000
Exp 100000110001101000010001000000000000111000000
MaxExp 10000
Aligned_pp 101100000000000000000100000000001111100000000000000000000000000011111111111111110000000000000000000000000000000011100100000000000000000000000000
Adder 00111000111111111111

Input 95
Signed_pp 010000101011000110101101001001010011110001001
Exp 010000001001001100000111001101011100110001000
MaxExp 10000
Aligned_pp 000000000100000000000000000000011111111110000000101100000000000011101100000000000000100100000000000100100000000011111010000000000000000001001000
Adder 00111011000100001001

Input 96
Signed_pp 110011100000000010000111011110111101100001101
Exp 100110101100000011110111000011011010111101011
MaxExp 10011
Aligned_pp 101110000000000011111111110000000000000000000000000001000000000000000011100000000000000000000000111111100100000011111100000000000000000001101000
Adder 00111011100111101000

Input 97
Signed_pp 110000000001110011001111111111110110111011101
Exp 011010000000101001111000101110010111001000111
MaxExp 10010
Aligned_pp 111111100000000000000000000000000000000000000011000000000000110011000100000000001111100010000000111111110101000001110000000000001111111111110011
Adder 01010010100111010010

Input 98
Signed_pp 111111111111000010000111011000011011101100000
Exp 010010111110100010010110100101100010101000000
MaxExp 10100
Aligned_pp 111111111111000111111100010000001100000000000000000000000000100000000000111000000000000000000000000011010000000011111111111010100000000000000000
Adder 00111100101000000011

Input 99
Signed_pp 111010101111011000000000001100111110101011011
Exp 011000100010101000000000001111010110101101000
MaxExp 10101
Aligned_pp 111111111100110000000000000000101010100000000000000000000000000000000000000000000000000110000000111111111110001000000000000101001111111111111110
Adder 00111010100101000010

Input 100
Signed_pp 110110100001011011101100011001111000101101101
Exp 011100101101001011100001001011100000111001110
MaxExp 10000
Aligned_pp 111010100000000000000010000000000000000010110000000111000000000011111111111111111111110111000000101000000000000000010110000000000001101000000000
Adder 00111101011001101111

