Input 1
Signed_pp 11110 11100 01010 01010 0000000000000000111101001
Exp 00111 00001 10011 01011 0000000000000000011010001
MaxExp 10011
Aligned_pp 1111111111111001 0000000000000000 1011000000000000 1111111110110000 00000000000000000000000000000000000000000000000011111111111111011110111000000000
Adder 01001001110110100110

Input 2
Signed_pp 01001 01000 00000 00000 0000000000011010000000000
Exp 00101 10011 00000 00000 0000000000000110000000000
MaxExp 10011
Aligned_pp 1111111111111111 1100000000000000 0000000000000000 0000000000000000 00000000000000000000000000000000000000000000000000000000000000000000000000000000
Adder 00011011111111111111

Input 3
Signed_pp 01001 00000 00000 01101 0100000000010000000001010
Exp 01010 00000 00000 00111 0100000000000000000010001
MaxExp 10001
Aligned_pp 1111111101110000 0000000000000000 0000000000000000 1111111111100110 11111111111000000000000000000000000000000000000000000000000000001011000000000000
Adder 00111010111100110110

Input 4
Signed_pp 01001 00000 01100 01110 0111101001000000101101110
Exp 00101 00000 01111 01101 0011100110000000010100101
MaxExp 01111
Aligned_pp 1111111111101110 0000000000000000 1010000000000000 1110010000000000 11111111100010001111111111011100000000000000000011111111111010101111111111100100
Adder 01101000001100100000

Input 5
Signed_pp 01110 00000 00000 00000 0000000000011000000000000
Exp 10000 00000 00000 00000 0000000000000110000000000
MaxExp 10000
Aligned_pp 1001000000000000 0000000000000000 0000000000000000 0000000000000000 00000000000000000000000000000000111111111111110100000000000000000000000000000000
Adder 00011000111111111101

Input 6
Signed_pp 00000 01100 00000 00000 1100111100110011111000000
Exp 00000 00011 00000 00000 0110100100010100000000000
MaxExp 01101
Aligned_pp 0000000000000000 0000000000011000 0000000000000000 0000000000000000 01001000000000000000000000110000000010010000000000000000000000110000000000000000
Adder 00000101000101001011

Input 7
Signed_pp 00000 01001 01011 00000 1101111111000000000000000
Exp 00000 00001 01001 00000 0101100011000000000000000
MaxExp 01011
Aligned_pp 0000000000000000 0000000000010010 0001011000000000 0000000000000000 01011000000000000000000001111000000000000000000000000000000000000000000000000000
Adder 00000110111010001010

Input 8
Signed_pp 00000 00000 00000 00000 1110011100110010110000000
Exp 00000 00000 00000 00000 0010101010011000100100000
MaxExp 01100
Aligned_pp 0000000000000000 0000000000000000 0000000000000000 0000000000000000 00000000110000000001100000000000010010000000000000001100000000000000000000000000
Adder 00000110110011000000

Input 9
Signed_pp 00000 00000 01011 00000 1100100000000000000001110
Exp 00000 00000 00111 00000 0101000000000000000000011
MaxExp 01010
Aligned_pp 0000000000000000 0000000000000000 0000101100000000 0000000000000000 01001000000000000000000000000000000000000000000000000000000000000000000011100000
Adder 00000101001111100000

Input 10
Signed_pp 00000 01001 11100 00000 1101001111000001101001001
Exp 00000 01010 00101 00000 0100000011000000100000010
MaxExp 01010
Aligned_pp 0000000000000000 0100100000000000 0000001100000000 0000000000000000 00010100000000000000000011110000000000000000000000010100000000000000000001001000
Adder 00000111010000111000

Input 11
Signed_pp 00000 00000 00000 00000 0111100000111000101101110
Exp 00000 00000 00000 00000 1001000000001010101010001
MaxExp 10010
Aligned_pp 0000000000000000 0000000000000000 0000000000000000 0000000000000000 01111000000000000000000000000000000000000000001100000000010110000011100000000000
Adder 00001011000001011011

Input 12
Signed_pp 00000 00000 11100 01111 0000000000011100000000000
Exp 00000 00000 01111 01000 0000000000010000000000000
MaxExp 01111
Aligned_pp 0000000000000000 0000000000000000 0110000000000000 0000000011110000 00000000000000000000000000000000000000001110000000000000000000000000000000000000
Adder 00000110000111010000

Input 13
Signed_pp 00000 01101 00000 11011 1100001010010100000000000
Exp 00000 10101 00000 00111 0100101010001010000000000
MaxExp 10101
Aligned_pp 0000000000000000 0110100000000000 0000000000000000 0000000000000001 00000000000001000000000000001010000000000000000000000000000000000000000000000000
Adder 00000110100000001111

Input 14
Signed_pp 00000 00000 00000 00000 0000000000000000000000000
Exp 00000 00000 00000 00000 0000000000000000000000000
MaxExp 00000
Aligned_pp 0000000000000000 0000000000000000 0000000000000000 0000000000000000 00000000000000000000000000000000000000000000000000000000000000000000000000000000
Adder 00000000000000000000

Input 15
Signed_pp 00000 00000 01011 00000 0100000000010000110100000
Exp 00000 00000 01100 00000 0001000000011110110100000
MaxExp 01111
Aligned_pp 0000000000000000 0000000000000000 0000101100000000 0000000000000000 00000000000000100000000000000000010000000000000000011010000000000000000000000000
Adder 00000110010100000010

Input 16
Signed_pp 00000 01101 00000 11110 0100000000011010000000000
Exp 00000 10000 00000 00100 0111000000011110000000000
MaxExp 10000
Aligned_pp 0000000000000000 0110100000000000 0000000000000000 0000000000000111 00010000000000000000000000000000001101000000000000000000000000000000000000000000
Adder 00001010110000000111

Input 17
Signed_pp 11110 00000 00000 11101 0110100000000000000001011
Exp 00101 00000 00000 10101 0111100000000000000010000
MaxExp 10101
Aligned_pp 0000000000000000 0000000000000000 0000000000000000 1001100000000000 11111110011000000000000000000000000000000000000000000000000000001111110101000000
Adder 00101001001110100000

Input 18
Signed_pp 01000 00000 01001 11001 0000000000010010000000000
Exp 01100 00000 10011 10000 0000000000001010000000000
MaxExp 10011
Aligned_pp 1111111110000000 0000000000000000 1011100000000000 1111011100000000 00000000000000000000000000000000111111111111111100000000000000000000000000000000
Adder 00111010111001111111

Input 19
Signed_pp 11001 11101 00000 11000 1111011010111110100001000
Exp 00001 01100 00000 01101 0001001101000110001101001
MaxExp 01101
Aligned_pp 1111111111111100 1100110000000000 0000000000000000 1100000000000000 11111111111100101011000000000000111111111110001011111111111100001111110000000000
Adder 01110011011111000000

Input 20
Signed_pp 01000 00000 00000 00000 1110111001000000000000000
Exp 10001 00000 00000 00000 0001001010000000000000000
MaxExp 10001
Aligned_pp 1100000000000000 0000000000000000 0000000000000000 0000000000000000 00000000000000001111111101110000000000000000000000000000000000000000000000000000
Adder 00011011111101110000

Input 21
Signed_pp 11100 00000 01011 00000 1110100000000000000000000
Exp 01000 00000 01101 00000 0111100000000000000000000
MaxExp 01111
Aligned_pp 1111111101000000 0000000000000000 1110101000000000 0000000000000000 10011000000000000000000000000000000000000000000000000000000000000000000000000000
Adder 00101000000101000000

Input 22
Signed_pp 01101 00000 00000 01101 1110001000110000110101010
Exp 01000 00000 00000 00011 0110101001001011000010000
MaxExp 10000
Aligned_pp 1111111110011000 0000000000000000 0000000000000000 1111111111111101 11110100000000001111111110000000111111111111100010011000000000001011000000000000
Adder 01100011101100001101

Input 23
Signed_pp 00000 01111 00000 01000 0000011100111000101011010
Exp 00000 00111 00000 00111 0000010010101011001101001
MaxExp 10101
Aligned_pp 0000000000000000 0000000000000001 0000000000000000 0000000000000001 00000000000000000000110000000000011000000000000000010100000000000000000000000101
Adder 00001000000000000111

Input 24
Signed_pp 00000 00000 01111 01100 0111101001111000000000000
Exp 00000 00000 01111 01011 0110010010000100000000000
MaxExp 10010
Aligned_pp 0000000000000000 0000000000000000 0000111100000000 0000000011000000 00000001111000000100100000000000000000000000000000000000000000000000000000000000
Adder 00000101100110100000

Input 25
Signed_pp 00000 11100 01111 00000 0000000000011100100100000
Exp 00000 01011 10000 00000 0000000000100110110100000
MaxExp 10011
Aligned_pp 0000000000000000 0000000001100000 0000111100000000 0000000000000000 00000000000000000000000000000000011100000000000000000001001000000000000000000000
Adder 00001000000010000000

Input 26
Signed_pp 00000 01010 00000 01000 0000001000011001110000000
Exp 00000 01000 00000 01000 0000000101100111000100000
MaxExp 10011
Aligned_pp 0000000000000000 0000000000001010 0000000000000000 0000000000001000 00000000000000000000000000000001011000000000000000011000000000000000000000000000
Adder 00000111100000010011

Input 27
Signed_pp 00000 11001 01000 11011 0000001011000000110101000
Exp 00000 01101 01100 01001 0000000111000000001101111
MaxExp 01111
Aligned_pp 0000000000000000 0001001000000000 0000100000000000 0000000101100000 00000000000000000000000001011000000000000000000000000000000001100100000000000000
Adder 00000101101110111110

Input 28
Signed_pp 11010 11111 00000 01100 0000001010111010000011011
Exp 00010 00110 00000 01010 0000000101101010000000101
MaxExp 10101
Aligned_pp 0000000000000000 0000000000000000 0000000000000000 1111111111110100 00000000000000000000000000000000100110000000000000000000000000000000000000000000
Adder 00011001011111110100

Input 29
Signed_pp 00000 01001 11110 00000 0100000000110010100000000
Exp 00000 01001 01010 00000 0111000000001000011100000
MaxExp 01110
Aligned_pp 0000000000000000 0000001001000000 0000011100000000 0000000000000000 01000000000000000000000000000000000000000001001000000000100000000000000000000000
Adder 00000100100111010010

Input 30
Signed_pp 00000 00000 00000 01111 0101100000000001101101101
Exp 00000 00000 00000 01110 0010000000000000100001000
MaxExp 01110
Aligned_pp 0000000000000000 0000000000000000 0000000000000000 0111100000000000 00000000000101100000000000000000000000000000000000000001011000000000000110100000
Adder 00000111101100010110

Input 31
Signed_pp 00000 11110 00000 11010 0100101010000001111111110
Exp 00000 01001 00000 00101 0001001111000000110010010
MaxExp 10010
Aligned_pp 0000000000000000 0000000000111000 0000000000000000 0000000000000010 00000000000000000000101000000000000000000000000000000001111000000111000000000000
Adder 00000111110000011010

Input 32
Signed_pp 01011 01010 00000 00000 0000001111000000111100000
Exp 01101 00111 00000 00000 0000000110000000110100000
MaxExp 01101
Aligned_pp 1010100000000000 1111111011000000 0000000000000000 0000000000000000 00000000000000001111111100010000000000000000000010001000000000000000000000000000
Adder 00110010110111010000

Input 33
Signed_pp 11000 01011 00000 00000 0101000000000000100111110
Exp 10011 01001 00000 00000 1001100000000000001010010
MaxExp 10011
Aligned_pp 1100000000000000 1111111111101010 0000000000000000 0000000000000000 10110000000000000000000000000000000000000000000000000000000000001100100000000000
Adder 00110011011111101010

Input 34
Signed_pp 11100 01101 00000 00000 1100000000110100000000000
Exp 01000 01001 00000 00000 0100100000001010000000000
MaxExp 01001
Aligned_pp 1101000000000000 1001100000000000 0000000000000000 0000000000000000 11000000000000000000000000000000111110110000000000000000000000000000000000000000
Adder 00110010001100000000

Input 35
Signed_pp 11100 11101 00000 00000 0000000000000000100001010
Exp 10001 01000 00000 00000 0000000000000001000001000
MaxExp 10001
Aligned_pp 1010000000000000 1111111111001100 0000000000000000 0000000000000000 00000000000000000000000000000000000000000000000011100000000000001111111111011000
Adder 00110111111110100100

Input 36
Signed_pp 11001 00000 11010 00000 0100100000000000100001100
Exp 10001 00000 01101 00000 0110000000000000100001110
MaxExp 10001
Aligned_pp 1011100000000000 0000000000000000 1111101100000000 0000000000000000 11111101110000000000000000000000000000000000000011111111111000001111010000000000
Adder 01001010010010100000

Input 37
Signed_pp 00000 00000 11001 01001 1101100000000000000000000
Exp 00000 00000 00101 01011 0101000000000000000000000
MaxExp 01011
Aligned_pp 0000000000000000 0000000000000000 0000000100100000 0100100000000000 00101100000000000000000000000000000000000000000000000000000000000000000000000000
Adder 00000111010100100000

Input 38
Signed_pp 00000 01110 00000 00000 0000001100000001110101100
Exp 00000 01011 00000 00000 0000001000000000010000111
MaxExp 01011
Aligned_pp 0000000000000000 0111000000000000 0000000000000000 0000000000000000 00000000000000000000110000000000000000000000000000000000110100000000011000000000
Adder 00001000001011010000

Input 39
Signed_pp 00000 01001 11110 01101 0000001011011010110111011
Exp 00000 01010 00101 01101 0000001101000100011101101
MaxExp 01101
Aligned_pp 0000000000000000 0000100100000000 0000000001110000 0110100000000000 00000000000000000101100000000000000000000000110100000001101000000101100000000000
Adder 00010010001100011101

Input 40
Signed_pp 00000 00000 01000 01110 1111000000000001110011011
Exp 00000 00000 01100 00011 0000000000000000101010010
MaxExp 10010
Aligned_pp 0000000000000000 0000000000000000 0000000100000000 0000000000000000 00000000000000000000000000000000000000000000000000000000011000000101100000000000
Adder 00000101100101100000

Input 41
Signed_pp 00000 01100 00000 01111 0000000000010110000001111
Exp 00000 10001 00000 01001 0000000000100000000000100
MaxExp 10001
Aligned_pp 0000000000000000 0110000000000000 0000000000000000 0000000001111000 00000000000000000000000000000000001011000000000000000000000000000000000000000011
Adder 00001000110001111011

Input 42
Signed_pp 00000 00000 00000 11011 0000000000000000000000000
Exp 00000 00000 00000 01010 0000000000000000000000000
MaxExp 01010
Aligned_pp 0000000000000000 0000000000000000 0000000000000000 0101100000000000 00000000000000000000000000000000000000000000000000000000000000000000000000000000
Adder 00000101100000000000

Input 43
Signed_pp 01110 00000 00000 01110 0000001100010010000001101
Exp 00100 00000 00000 10010 0000010000010110000001001
MaxExp 10010
Aligned_pp 1111111111111111 0000000000000000 0000000000000000 1001000000000000 00000000000000001110100000000000111111110111000000000000000000001111111111001100
Adder 01000111011100111011

Input 44
Signed_pp 00000 01011 00000 11111 0000011000000000000000000
Exp 00000 00011 00000 10100 0000001001000000000000000
MaxExp 10100
Aligned_pp 0000000000000000 0000000000000000 0000000000000000 0111100000000000 00000000000000000000000000001000000000000000000000000000000000000000000000000000
Adder 00000111100000001000

Input 45
Signed_pp 11111 11111 00000 01101 0100111000000000111000000
Exp 01100 00101 00000 00100 0100000101000000000000000
MaxExp 01100
Aligned_pp 1000100000000000 1111111100010000 0000000000000000 1111111110011000 11111011100000001111111110000000000000000000000011111111111110010000000000000000
Adder 01011000000110100001

Input 46
Signed_pp 00000 11101 01010 01101 0000011101000000111011011
Exp 00000 01101 01001 01001 0000001000000000101010000
MaxExp 10000
Aligned_pp 0000000000000000 0000110100000000 0000000010100000 0000000011010000 00000000000000000000000001101000000000000000000000000001110000000101100000000000
Adder 00000110100010011000

Input 47
Signed_pp 11101 01110 01111 11100 0000000000011100100111011
Exp 00000 01000 00110 00111 0000000000010000010001010
MaxExp 01010
Aligned_pp 1111111111100110 1110010000000000 1111100010000000 1111010000000000 00000000000000000000000000000000111001000000000011111110111000001010100000000000
Adder 01100101101101000110

Input 48
Signed_pp 00000 00000 00000 00000 0000011111000000110100000
Exp 00000 00000 00000 00000 0000000010000000101000000
MaxExp 01010
Aligned_pp 0000000000000000 0000000000000000 0000000000000000 0000000000000000 00000000000000000000000001111000000000000000000001101000000000000000000000000000
Adder 00000110100001111000

Input 49
Signed_pp 00000 00000 00000 00000 0110000000110010000001010
Exp 00000 00000 00000 00000 1001100000000010000000011
MaxExp 10011
Aligned_pp 0000000000000000 0000000000000000 0000000000000000 0000000000000000 01100000000000000000000000000000000000000000000000000000000000000000000000000000
Adder 00000110000000000000

Input 50
Signed_pp 11100 11110 00000 11000 0111101101000000000000000
Exp 10000 00010 00000 01010 0011010011000000000000000
MaxExp 10011
Aligned_pp 1111010000000000 0000000000000000 0000000000000000 1111111111100000 11111111111111011001100000000000000000000000000000000000000000000000000000000000
Adder 00111000101111011101

Input 51
Signed_pp 00000 11111 00000 01111 0000000000000000000011010
Exp 00000 10000 00000 01000 0000000000000000000000100
MaxExp 10000
Aligned_pp 0000000000000000 0111100000000000 0000000000000000 0000000001111000 00000000000000000000000000000000000000000000000000000000000000000000000000000101
Adder 00000111100001111101

Input 52
Signed_pp 11011 11000 11010 00000 1111100000010000000011111
Exp 00000 01000 10001 00000 0100000000011100000010100
MaxExp 10100
Aligned_pp 0000000000000000 1111111111111100 1111011000000000 0000000000000000 11111111111110010000000000000000111111110000000000000000000000001000100000000000
Adder 01000111110011110101

Input 53
Signed_pp 01000 00000 11110 01101 0110011001110110101011010
Exp 10100 00000 01101 10101 0110001101001111001001001
MaxExp 10101
Aligned_pp 1110000000000000 0000000000000000 1111111110010000 1001100000000000 11111111110100001111111110111000111111111111111111110110000000001111111111111011
Adder 01110110110100010010

Input 54
Signed_pp 01000 00000 01101 00000 1111000000111110000000000
Exp 10010 00000 01001 00000 0010000000100100000000000
MaxExp 10010
Aligned_pp 1100000000000000 0000000000000000 1111111111001100 0000000000000000 11111111111111110000000000000000100010000000000000000000000000000000000000000000
Adder 00110100011111001011

Input 55
Signed_pp 01101 00000 11000 01011 0000001101011011111101010
Exp 10101 00000 01111 01001 0000001010100010010010000
MaxExp 10101
Aligned_pp 1001100000000000 0000000000000000 1111111100000000 1111111111111011 00000000000000001111111111110011111110011000000000000000000000001111110110000000
Adder 01011000110111101110

Input 56
Signed_pp 00000 00000 00000 11011 0000001101000001101111111
Exp 00000 00000 00000 01000 0000000101000000010101010
MaxExp 01010
Aligned_pp 0000000000000000 0000000000000000 0000000000000000 0001011000000000 00000000000000000000001101000000000000000000000000000010110000000111100000000000
Adder 00001001010000000000

Input 57
Signed_pp 00000 00000 00000 00000 0111001101000000000000000
Exp 00000 00000 00000 00000 0000110000000000000000000
MaxExp 10000
Aligned_pp 0000000000000000 0000000000000000 0000000000000000 0000000000000000 00000000000000000110100000000000000000000000000000000000000000000000000000000000
Adder 00000110100000000000

Input 58
Signed_pp 01101 00000 11111 00000 0000000000000000000000000
Exp 00110 00000 00100 00000 0000000000000000000000000
MaxExp 00110
Aligned_pp 1001100000000000 0000000000000000 1110001000000000 0000000000000000 00000000000000000000000000000000000000000000000000000000000000000000000000000000
Adder 00010111101000000000

Input 59
Signed_pp 00000 11011 01100 00000 0000000000110010000000000
Exp 00000 10000 10001 00000 0000000000010100000000000
MaxExp 10001
Aligned_pp 0000000000000000 0010110000000000 0110000000000000 0000000000000000 00000000000000000000000000000000000000001001000000000000000000000000000000000000
Adder 00001000110010010000

Input 60
Signed_pp 01000 01111 00000 01010 0000011101000001111000000
Exp 01100 01101 00000 01001 0000000111000000100000000
MaxExp 01101
Aligned_pp 1110000000000000 1000100000000000 0000000000000000 1111101100000000 00000000000000001111111001100000000000000000000011111100100000000000000000000000
Adder 01000101110111100000

Input 61
Signed_pp 11111 01110 01001 11010 0000000000000001111000000
Exp 01010 01011 00100 00111 0000000000000000100000000
MaxExp 01011
Aligned_pp 1100010000000000 1001000000000000 1111111101110000 1111101100000000 00000000000000000000000000000000000000000000000011110010000000000000000000000000
Adder 01000100000001110000

Input 62
Signed_pp 01011 11010 00000 00000 0000000000110000110111011
Exp 01011 01110 00000 00000 0000000000010000110001000
MaxExp 01110
Aligned_pp 1111010100000000 1011000000000000 0000000000000000 0000000000000000 00000000000000000000000000000000111111110000000011100110000000001111111010100000
Adder 01001000100010100000

Input 63
Signed_pp 01011 00000 00000 01010 1101000000011010000000000
Exp 00111 00000 00000 01011 0011000000010000000000000
MaxExp 01011
Aligned_pp 1111101010000000 0000000000000000 0000000000000000 1011000000000000 11111101100000000000000000000000111100110000000000000000000000000000000000000000
Adder 00111001101100000000

Input 64
Signed_pp 11001 01101 00000 11101 0000001001000000000001111
Exp 01100 00000 00000 00110 0000001100000000000001100
MaxExp 01100
Aligned_pp 1011100000000000 1111111111111010 0000000000000000 1111111001100000 00000000000000001011100000000000000000000000000000000000000000001000100000000000
Adder 00111111011001011010

Input 65
Signed_pp 11101 00000 01110 11010 0000000000111000110000000
Exp 00011 00000 10001 10001 0000000000011000111000000
MaxExp 10001
Aligned_pp 1111111111111111 0000000000000000 1001000000000000 1011000000000000 00000000000000000000000000000000111111010000000011110100000000000000000000000000
Adder 01000011000011111111

Input 66
Signed_pp 00000 00000 11101 01110 0100000000110010000001001
Exp 00000 00000 10011 01011 0011100000001100000001111
MaxExp 10011
Aligned_pp 0000000000000000 0000000000000000 0110100000000000 0000000001110000 00000000000001000000000000000000000000000000001000000000000000000000010010000000
Adder 00000110110011110110

Input 67
Signed_pp 00000 00000 00000 11010 0110100000111110000011111
Exp 00000 00000 00000 01000 0101100000000000000010011
MaxExp 10011
Aligned_pp 0000000000000000 0000000000000000 0000000000000000 0000000000001010 00000000011010000000000000000000000000000000000000000000000000000111100000000000
Adder 00000111100001110010

Input 68
Signed_pp 11100 11101 00000 00000 0100101000111101101001101
Exp 10000 01000 00000 00000 1010001000011010011001000
MaxExp 10100
Aligned_pp 1111101000000000 1111111111111010 0000000000000000 0000000000000000 10111000000000001111111111111100111111110010000011111111111111111111111111111010
Adder 01101011000100001111

Input 69
Signed_pp 11000 01010 00000 11010 1110000000000001110001110
Exp 01101 01011 00000 01101 0100100000000001000001110
MaxExp 10000
Aligned_pp 1111100000000000 1111110110000000 0000000000000000 1111011000000000 11111111010000000000000000000000000000000000000010100000000000001110010000000000
Adder 01010110111011000000

Input 70
Signed_pp 00000 11111 01110 01011 0000000000111001110111001
Exp 00000 01010 01100 01100 0000000000001110100110001
MaxExp 10001
Aligned_pp 0000000000000000 0000000011110000 0000001110000000 0000001011000000 00000000000000000000000000000000000000000001100000000000011010000100100000000000
Adder 00000100111110110000

Input 71
Signed_pp 00000 00000 11101 01101 0000011001011110101111001
Exp 00000 00000 01111 00111 0000000010001111001110101
MaxExp 10101
Aligned_pp 0000000000000000 0000000000000000 0000000110100000 0000000000000001 00000000000000000000000000000000000000000000000100010110000000000100100000000000
Adder 00000101111110100010

Input 72
Signed_pp 01010 01010 00000 00000 0000011000000000100001101
Exp 01000 00110 00000 00000 0000001111000000101101101
MaxExp 01111
Aligned_pp 1111111101100000 1111111111011000 0000000000000000 0000000000000000 00000000000000001100000000000000000000000000000011111100000000001110011000000000
Adder 01001010000100111000

Input 73
Signed_pp 01000 11011 11110 11010 1111100000110110000000000
Exp 10010 00110 00010 01111 0100000000011110000000000
MaxExp 10010
Aligned_pp 1100000000000000 1111111111111011 0000000000000000 1111011000000000 11111111111000100000000000000000111101010000000000000000000000000000000000000000
Adder 01001010101011011101

Input 74
Signed_pp 01101 00000 00000 11011 0000000000110110100011001
Exp 10000 00000 00000 10101 0000000000100110111001101
MaxExp 10101
Aligned_pp 1111110011000000 0000000000000000 0000000000000000 1010100000000000 00000000000000000000000000000000111010100000000011111111100000001111111110111000
Adder 01001000110111111000

Input 75
Signed_pp 00000 00000 00000 00000 0000011011000000000011001
Exp 00000 00000 00000 00000 0000010010000000000001101
MaxExp 10010
Aligned_pp 0000000000000000 0000000000000000 0000000000000000 0000000000000000 00000000000000000101100000000000000000000000000000000000000000000000001001000000
Adder 00000101101001000000

Input 76
Signed_pp 11111 00000 00000 00000 1100000000000001111011001
Exp 10001 00000 00000 00000 0011100000000000111001110
MaxExp 10001
Aligned_pp 1000100000000000 0000000000000000 0000000000000000 0000000000000000 11111111111100000000000000000000000000000000000011110010000000001111011100000000
Adder 00110111000011110000

Input 77
Signed_pp 00000 11011 01110 00000 1100000000000001100111100
Exp 00000 01111 01100 00000 0110100000000001000000000
MaxExp 10000
Aligned_pp 0000000000000000 0010110000000000 0000011100000000 0000000000000000 00001000000000000000000000000000000000000000000001001000000000000000000000000000
Adder 00001000001100000000

Input 78
Signed_pp 11110 01010 01001 00000 0000011001000001101011000
Exp 00011 10011 00111 00000 0000010010000000110001110
MaxExp 10011
Aligned_pp 0000000000000000 1011000000000000 1111111111111100 0000000000000000 00000000000000001101110000000000000000000000000011111111011000001111111000000000
Adder 01001000100101011100

Input 79
Signed_pp 01001 00000 01001 01000 0000000000000000000011011
Exp 10011 00000 01110 10000 0000000000000000000001110
MaxExp 10011
Aligned_pp 1011100000000000 0000000000000000 1111110111000000 1111100000000000 00000000000000000000000000000000000000000000000000000000000000001111110101000000
Adder 00111010101100000000

Input 80
Signed_pp 00000 00000 01000 11100 0000011001111010000000000
Exp 00000 00000 01111 10101 0000001011101010000000000
MaxExp 10101
Aligned_pp 0000000000000000 0000000000000000 0000000100000000 0110000000000000 00000000000000000000000000010010011010000000000000000000000000000000000000000000
Adder 00001100100100010010

Input 81
Signed_pp 01101 11000 01110 01010 0110011011000001111000000
Exp 01001 01111 01010 01101 0101101101000000011100000
MaxExp 01111
Aligned_pp 1111111001100000 1100000000000000 1111110010000000 1110110000000000 11111010000000001110101000000000000000000000000011111111100100000000000000000000
Adder 01101000101001110000

Input 82
Signed_pp 00000 01001 11001 01011 1110000000110010000000000
Exp 00000 00100 00111 10000 0101100000000100000000000
MaxExp 10000
Aligned_pp 0000000000000000 0000000000000100 0000000000100100 0101100000000000 00000011000000000000000000000000000000000000000100000000000000000000000000000000
Adder 00000101101100101001

Input 83
Signed_pp 00000 00000 01110 00000 1101000000010011101101110
Exp 00000 00000 01111 00000 0101000000011110111100110
MaxExp 01111
Aligned_pp 0000000000000000 0000000000000000 0111000000000000 0000000000000000 00000010100000000000000000000000010010000000000001011000000000000000000000111000
Adder 00010001001010111000

Input 84
Signed_pp 01100 01000 11010 00000 1100100000000000000001100
Exp 01100 01001 01000 00000 0101100000000000000001010
MaxExp 01100
Aligned_pp 1010000000000000 1111100000000000 1111101100000000 0000000000000000 11011100000000000000000000000000000000000000000000000000000000001110100000000000
Adder 01000101011100000000

Input 85
Signed_pp 00000 00000 11101 01000 1110000000010101111000000
Exp 00000 00000 01000 10000 0110000000001100011100000
MaxExp 10000
Aligned_pp 0000000000000000 0000000000000000 0000000001101000 0100000000000000 00000110000000000000000000000000000000000001010000000000001110000000000000000000
Adder 00000100011010110100

Input 86
Signed_pp 00000 00000 00000 00000 0100001010010110000001110
Exp 00000 00000 00000 00000 0111001110100010000001001
MaxExp 10001
Aligned_pp 0000000000000000 0000000000000000 0000000000000000 0000000000000000 00001000000000000000101000000000010110000000000000000000000000000000000001110000
Adder 00000110101001110000

Input 87
Signed_pp 11111 00000 00000 00000 0000011001000000100101000
Exp 00110 00000 00000 00000 0000001001000000100000110
MaxExp 01001
Aligned_pp 1111000100000000 0000000000000000 0000000000000000 0000000000000000 00000000000000001011100000000000000000000000000011011100000000001111100000000000
Adder 00110111110100000000

Input 88
Signed_pp 01110 11011 11101 01000 0000000000000000000000000
Exp 00111 00110 01010 01000 0000000000000000000000000
MaxExp 01010
Aligned_pp 1111001000000000 1111101010000000 1001100000000000 1111000000000000 00000000000000000000000000000000000000000000000000000000000000000000000000000000
Adder 00110111010010000000

Input 89
Signed_pp 11101 01110 00000 11011 0111101010000000000011101
Exp 01001 01100 00000 00010 0001101011000000000010010
MaxExp 10010
Aligned_pp 1111111111001100 1111111001000000 0000000000000000 0000000000000000 00000000000000001111111101100000000000000000000000000000000000001001100000000000
Adder 00111001010101101100

Input 90
Signed_pp 11000 00000 11111 11111 0000000000000000111001000
Exp 10010 00000 01111 00010 0000000000000000100000100
MaxExp 10010
Aligned_pp 1100000000000000 0000000000000000 1111000100000000 0000000000000000 00000000000000000000000000000000000000000000000011111111111001001111111111111111
Adder 00111011000011100011

Input 91
Signed_pp 00000 01101 00000 00000 0000011001000001110100000
Exp 00000 01100 00000 00000 0000000101000000110000000
MaxExp 01100
Aligned_pp 0000000000000000 0110100000000000 0000000000000000 0000000000000000 00000000000000000000000010010000000000000000000001101000000000000000000000000000
Adder 00001101000010010000

Input 92
Signed_pp 00000 11001 00000 00000 0000001011111101111111010
Exp 00000 00101 00000 00000 0000010011001100011001000
MaxExp 10011
Aligned_pp 0000000000000000 0000000000000001 0000000000000000 0000000000000000 00000000000000000101100000000000000000000000001100000000000000110000000000001010
Adder 00000101100000010001

Input 93
Signed_pp 00000 00000 00000 11011 1111000000011100111001001
Exp 00000 00000 00000 10011 0111100000010100110000110
MaxExp 10011
Aligned_pp 0000000000000000 0000000000000000 0000000000000000 0101100000000000 00000111000000000000000000000000000000000011100000000000111000000000000000000010
Adder 00000110000000011010

Input 94
Signed_pp 00000 00000 00000 11110 1100000000000001111000000
Exp 00000 00000 00000 00001 0001000000000000111000000
MaxExp 01110
Aligned_pp 0000000000000000 0000000000000000 0000000000000000 0000000000000011 00000000000001000000000000000000000000000000000001110000000000000000000000000000
Adder 00000111000000000111

Input 95
Signed_pp 00000 00000 00000 00000 1101001001000001110001001
Exp 00000 00000 00000 00000 0111001101000000110001000
MaxExp 01110
Aligned_pp 0000000000000000 0000000000000000 0000000000000000 0000000000000000 01010000000000000010010000000000000000000000000000011000000000000000000100100000
Adder 00001000110100100000

Input 96
Signed_pp 11001 11000 00000 00000 0000000000111101100000000
Exp 10011 01011 00000 00000 0000000000011010111100000
MaxExp 10011
Aligned_pp 1011100000000000 1111111111000000 0000000000000000 0000000000000000 00000000000000000000000000000000111111100100000011111100000000000000000000000000
Adder 00111011001000000000

Input 97
Signed_pp 00000 00000 00000 01100 0000000000110110111011101
Exp 00000 00000 00000 00111 0000000000010111001000111
MaxExp 10010
Aligned_pp 0000000000000000 0000000000000000 0000000000000000 0000000000001100 00000000000000000000000000000000000000001011000001110000000000000000000000001101
Adder 00000111000011001001

Input 98
Signed_pp 11111 00000 00000 00000 0000011000011011101101000
Exp 01001 00000 00000 00000 0000000101100010101000000
MaxExp 10001
Aligned_pp 1111111110001000 0000000000000000 0000000000000000 0000000000000000 00000000000000001111111111111100100110000000000011111111010100000000000000000000
Adder 00111001011011010100

Input 99
Signed_pp 00000 00000 11011 00000 0000001100000000000000000
Exp 00000 00000 10101 00000 0000001111000000000000000
MaxExp 10101
Aligned_pp 0000000000000000 0000000000000000 0101100000000000 0000000000000000 00000000000000000000000110000000000000000000000000000000000000000000000000000000
Adder 00000101100110000000

Input 100
Signed_pp 11011 01000 01011 00000 0000011001111000101101101
Exp 01110 01011 01001 00000 0000001011100000111001110
MaxExp 10000
Aligned_pp 1110101000000000 1111111000000000 1111111101010000 0000000000000000 00000000000000001111110111000000101000000000000011101010000000001110011000000000
Adder 01100101010100010000

