#! /c/Source/iverilog-install/bin/vvp
:ivl_version "12.0 (devel)" "(s20150603-1110-g18392a46)";
:ivl_delay_selection "TYPICAL";
:vpi_time_precision + 0;
:vpi_module "c:\iverilog\lib\ivl\system.vpi";
:vpi_module "c:\iverilog\lib\ivl\vhdl_sys.vpi";
:vpi_module "c:\iverilog\lib\ivl\vhdl_textio.vpi";
:vpi_module "c:\iverilog\lib\ivl\v2005_math.vpi";
:vpi_module "c:\iverilog\lib\ivl\va_math.vpi";
S_0000027aeb302880 .scope module, "normalization" "normalization" 2 1;
 .timescale 0 0;
    .port_info 0 /INPUT 20 "signed_sum";
    .port_info 1 /INPUT 6 "exp_max";
    .port_info 2 /OUTPUT 1 "sign";
    .port_info 3 /OUTPUT 11 "norm_sum";
    .port_info 4 /OUTPUT 7 "exp_final";
v0000027aeb3030c0_0 .var/s "exp_carry", 0 0;
v0000027aeb2e97e0_0 .var/s "exp_diff", 4 0;
v0000027aeb302a10_0 .var/s "exp_final", 6 0;
o0000027aeb351068 .functor BUFZ 6, C4<zzzzzz>; HiZ drive
v0000027aeb302ab0_0 .net/s "exp_max", 5 0, o0000027aeb351068;  0 drivers
v0000027aeb302b50_0 .var "leading_one", 4 0;
v0000027aeb302bf0_0 .var "norm_sum", 10 0;
v0000027aeb302c90_0 .var "shifted_sum", 10 0;
v0000027aeb333b60_0 .var "sign", 0 0;
o0000027aeb351158 .functor BUFZ 20, C4<zzzzzzzzzzzzzzzzzzzz>; HiZ drive
v0000027aeb333c00_0 .net/s "signed_sum", 19 0, o0000027aeb351158;  0 drivers
v0000027aeb333ca0_0 .var "temp", 10 0;
v0000027aeb333d40_0 .var "unsign_sum", 19 0;
E_0000027aeb32c020 .event anyedge, v0000027aeb302ab0_0, v0000027aeb333c00_0;
    .scope S_0000027aeb302880;
T_0 ;
    %wait E_0000027aeb32c020;
    %load/vec4 v0000027aeb333c00_0;
    %parti/s 1, 19, 6;
    %store/vec4 v0000027aeb333b60_0, 0, 1;
    %load/vec4 v0000027aeb333b60_0;
    %flag_set/vec4 8;
    %jmp/0xz  T_0.0, 8;
    %pushi/vec4 0, 0, 11;
    %store/vec4 v0000027aeb333ca0_0, 0, 11;
    %load/vec4 v0000027aeb333ca0_0;
    %pad/u 19;
    %load/vec4 v0000027aeb333c00_0;
    %parti/s 19, 0, 2;
    %sub;
    %pad/u 11;
    %store/vec4 v0000027aeb333ca0_0, 0, 11;
    %load/vec4 v0000027aeb333ca0_0;
    %pad/u 20;
    %store/vec4 v0000027aeb333d40_0, 0, 20;
    %jmp T_0.1;
T_0.0 ;
    %load/vec4 v0000027aeb333c00_0;
    %store/vec4 v0000027aeb333d40_0, 0, 20;
T_0.1 ;
    %pushi/vec4 0, 0, 5;
    %store/vec4 v0000027aeb302b50_0, 0, 5;
    %load/vec4 v0000027aeb333d40_0;
    %parti/s 4, 16, 6;
    %cmpi/ne 0, 0, 4;
    %jmp/0xz  T_0.2, 4;
    %load/vec4 v0000027aeb333d40_0;
    %parti/s 4, 16, 6;
    %dup/vec4;
    %pushi/vec4 15, 0, 4;
    %cmp/u;
    %jmp/1 T_0.4, 6;
    %dup/vec4;
    %pushi/vec4 14, 0, 4;
    %cmp/u;
    %jmp/1 T_0.5, 6;
    %dup/vec4;
    %pushi/vec4 13, 0, 4;
    %cmp/u;
    %jmp/1 T_0.6, 6;
    %dup/vec4;
    %pushi/vec4 12, 0, 4;
    %cmp/u;
    %jmp/1 T_0.7, 6;
    %dup/vec4;
    %pushi/vec4 11, 0, 4;
    %cmp/u;
    %jmp/1 T_0.8, 6;
    %dup/vec4;
    %pushi/vec4 10, 0, 4;
    %cmp/u;
    %jmp/1 T_0.9, 6;
    %dup/vec4;
    %pushi/vec4 9, 0, 4;
    %cmp/u;
    %jmp/1 T_0.10, 6;
    %dup/vec4;
    %pushi/vec4 8, 0, 4;
    %cmp/u;
    %jmp/1 T_0.11, 6;
    %dup/vec4;
    %pushi/vec4 7, 0, 4;
    %cmp/u;
    %jmp/1 T_0.12, 6;
    %dup/vec4;
    %pushi/vec4 6, 0, 4;
    %cmp/u;
    %jmp/1 T_0.13, 6;
    %dup/vec4;
    %pushi/vec4 5, 0, 4;
    %cmp/u;
    %jmp/1 T_0.14, 6;
    %dup/vec4;
    %pushi/vec4 4, 0, 4;
    %cmp/u;
    %jmp/1 T_0.15, 6;
    %dup/vec4;
    %pushi/vec4 3, 0, 4;
    %cmp/u;
    %jmp/1 T_0.16, 6;
    %dup/vec4;
    %pushi/vec4 2, 0, 4;
    %cmp/u;
    %jmp/1 T_0.17, 6;
    %pushi/vec4 16, 0, 5;
    %store/vec4 v0000027aeb302b50_0, 0, 5;
    %jmp T_0.19;
T_0.4 ;
    %pushi/vec4 19, 0, 5;
    %store/vec4 v0000027aeb302b50_0, 0, 5;
    %jmp T_0.19;
T_0.5 ;
    %pushi/vec4 19, 0, 5;
    %store/vec4 v0000027aeb302b50_0, 0, 5;
    %jmp T_0.19;
T_0.6 ;
    %pushi/vec4 19, 0, 5;
    %store/vec4 v0000027aeb302b50_0, 0, 5;
    %jmp T_0.19;
T_0.7 ;
    %pushi/vec4 19, 0, 5;
    %store/vec4 v0000027aeb302b50_0, 0, 5;
    %jmp T_0.19;
T_0.8 ;
    %pushi/vec4 19, 0, 5;
    %store/vec4 v0000027aeb302b50_0, 0, 5;
    %jmp T_0.19;
T_0.9 ;
    %pushi/vec4 19, 0, 5;
    %store/vec4 v0000027aeb302b50_0, 0, 5;
    %jmp T_0.19;
T_0.10 ;
    %pushi/vec4 19, 0, 5;
    %store/vec4 v0000027aeb302b50_0, 0, 5;
    %jmp T_0.19;
T_0.11 ;
    %pushi/vec4 19, 0, 5;
    %store/vec4 v0000027aeb302b50_0, 0, 5;
    %jmp T_0.19;
T_0.12 ;
    %pushi/vec4 18, 0, 5;
    %store/vec4 v0000027aeb302b50_0, 0, 5;
    %jmp T_0.19;
T_0.13 ;
    %pushi/vec4 18, 0, 5;
    %store/vec4 v0000027aeb302b50_0, 0, 5;
    %jmp T_0.19;
T_0.14 ;
    %pushi/vec4 18, 0, 5;
    %store/vec4 v0000027aeb302b50_0, 0, 5;
    %jmp T_0.19;
T_0.15 ;
    %pushi/vec4 18, 0, 5;
    %store/vec4 v0000027aeb302b50_0, 0, 5;
    %jmp T_0.19;
T_0.16 ;
    %pushi/vec4 17, 0, 5;
    %store/vec4 v0000027aeb302b50_0, 0, 5;
    %jmp T_0.19;
T_0.17 ;
    %pushi/vec4 17, 0, 5;
    %store/vec4 v0000027aeb302b50_0, 0, 5;
    %jmp T_0.19;
T_0.19 ;
    %pop/vec4 1;
    %jmp T_0.3;
T_0.2 ;
    %load/vec4 v0000027aeb333d40_0;
    %parti/s 4, 12, 5;
    %cmpi/ne 0, 0, 4;
    %jmp/0xz  T_0.20, 4;
    %load/vec4 v0000027aeb333d40_0;
    %parti/s 4, 12, 5;
    %dup/vec4;
    %pushi/vec4 15, 0, 4;
    %cmp/u;
    %jmp/1 T_0.22, 6;
    %dup/vec4;
    %pushi/vec4 14, 0, 4;
    %cmp/u;
    %jmp/1 T_0.23, 6;
    %dup/vec4;
    %pushi/vec4 13, 0, 4;
    %cmp/u;
    %jmp/1 T_0.24, 6;
    %dup/vec4;
    %pushi/vec4 12, 0, 4;
    %cmp/u;
    %jmp/1 T_0.25, 6;
    %dup/vec4;
    %pushi/vec4 11, 0, 4;
    %cmp/u;
    %jmp/1 T_0.26, 6;
    %dup/vec4;
    %pushi/vec4 10, 0, 4;
    %cmp/u;
    %jmp/1 T_0.27, 6;
    %dup/vec4;
    %pushi/vec4 9, 0, 4;
    %cmp/u;
    %jmp/1 T_0.28, 6;
    %dup/vec4;
    %pushi/vec4 8, 0, 4;
    %cmp/u;
    %jmp/1 T_0.29, 6;
    %dup/vec4;
    %pushi/vec4 7, 0, 4;
    %cmp/u;
    %jmp/1 T_0.30, 6;
    %dup/vec4;
    %pushi/vec4 6, 0, 4;
    %cmp/u;
    %jmp/1 T_0.31, 6;
    %dup/vec4;
    %pushi/vec4 5, 0, 4;
    %cmp/u;
    %jmp/1 T_0.32, 6;
    %dup/vec4;
    %pushi/vec4 4, 0, 4;
    %cmp/u;
    %jmp/1 T_0.33, 6;
    %dup/vec4;
    %pushi/vec4 3, 0, 4;
    %cmp/u;
    %jmp/1 T_0.34, 6;
    %dup/vec4;
    %pushi/vec4 2, 0, 4;
    %cmp/u;
    %jmp/1 T_0.35, 6;
    %pushi/vec4 12, 0, 5;
    %store/vec4 v0000027aeb302b50_0, 0, 5;
    %jmp T_0.37;
T_0.22 ;
    %pushi/vec4 15, 0, 5;
    %store/vec4 v0000027aeb302b50_0, 0, 5;
    %jmp T_0.37;
T_0.23 ;
    %pushi/vec4 15, 0, 5;
    %store/vec4 v0000027aeb302b50_0, 0, 5;
    %jmp T_0.37;
T_0.24 ;
    %pushi/vec4 15, 0, 5;
    %store/vec4 v0000027aeb302b50_0, 0, 5;
    %jmp T_0.37;
T_0.25 ;
    %pushi/vec4 15, 0, 5;
    %store/vec4 v0000027aeb302b50_0, 0, 5;
    %jmp T_0.37;
T_0.26 ;
    %pushi/vec4 15, 0, 5;
    %store/vec4 v0000027aeb302b50_0, 0, 5;
    %jmp T_0.37;
T_0.27 ;
    %pushi/vec4 15, 0, 5;
    %store/vec4 v0000027aeb302b50_0, 0, 5;
    %jmp T_0.37;
T_0.28 ;
    %pushi/vec4 15, 0, 5;
    %store/vec4 v0000027aeb302b50_0, 0, 5;
    %jmp T_0.37;
T_0.29 ;
    %pushi/vec4 15, 0, 5;
    %store/vec4 v0000027aeb302b50_0, 0, 5;
    %jmp T_0.37;
T_0.30 ;
    %pushi/vec4 14, 0, 5;
    %store/vec4 v0000027aeb302b50_0, 0, 5;
    %jmp T_0.37;
T_0.31 ;
    %pushi/vec4 14, 0, 5;
    %store/vec4 v0000027aeb302b50_0, 0, 5;
    %jmp T_0.37;
T_0.32 ;
    %pushi/vec4 14, 0, 5;
    %store/vec4 v0000027aeb302b50_0, 0, 5;
    %jmp T_0.37;
T_0.33 ;
    %pushi/vec4 14, 0, 5;
    %store/vec4 v0000027aeb302b50_0, 0, 5;
    %jmp T_0.37;
T_0.34 ;
    %pushi/vec4 13, 0, 5;
    %store/vec4 v0000027aeb302b50_0, 0, 5;
    %jmp T_0.37;
T_0.35 ;
    %pushi/vec4 13, 0, 5;
    %store/vec4 v0000027aeb302b50_0, 0, 5;
    %jmp T_0.37;
T_0.37 ;
    %pop/vec4 1;
    %jmp T_0.21;
T_0.20 ;
    %load/vec4 v0000027aeb333d40_0;
    %parti/s 4, 8, 5;
    %cmpi/ne 0, 0, 4;
    %jmp/0xz  T_0.38, 4;
    %load/vec4 v0000027aeb333d40_0;
    %parti/s 4, 8, 5;
    %dup/vec4;
    %pushi/vec4 15, 0, 4;
    %cmp/u;
    %jmp/1 T_0.40, 6;
    %dup/vec4;
    %pushi/vec4 14, 0, 4;
    %cmp/u;
    %jmp/1 T_0.41, 6;
    %dup/vec4;
    %pushi/vec4 13, 0, 4;
    %cmp/u;
    %jmp/1 T_0.42, 6;
    %dup/vec4;
    %pushi/vec4 12, 0, 4;
    %cmp/u;
    %jmp/1 T_0.43, 6;
    %dup/vec4;
    %pushi/vec4 11, 0, 4;
    %cmp/u;
    %jmp/1 T_0.44, 6;
    %dup/vec4;
    %pushi/vec4 10, 0, 4;
    %cmp/u;
    %jmp/1 T_0.45, 6;
    %dup/vec4;
    %pushi/vec4 9, 0, 4;
    %cmp/u;
    %jmp/1 T_0.46, 6;
    %dup/vec4;
    %pushi/vec4 8, 0, 4;
    %cmp/u;
    %jmp/1 T_0.47, 6;
    %dup/vec4;
    %pushi/vec4 7, 0, 4;
    %cmp/u;
    %jmp/1 T_0.48, 6;
    %dup/vec4;
    %pushi/vec4 6, 0, 4;
    %cmp/u;
    %jmp/1 T_0.49, 6;
    %dup/vec4;
    %pushi/vec4 5, 0, 4;
    %cmp/u;
    %jmp/1 T_0.50, 6;
    %dup/vec4;
    %pushi/vec4 4, 0, 4;
    %cmp/u;
    %jmp/1 T_0.51, 6;
    %dup/vec4;
    %pushi/vec4 3, 0, 4;
    %cmp/u;
    %jmp/1 T_0.52, 6;
    %dup/vec4;
    %pushi/vec4 2, 0, 4;
    %cmp/u;
    %jmp/1 T_0.53, 6;
    %pushi/vec4 8, 0, 5;
    %store/vec4 v0000027aeb302b50_0, 0, 5;
    %jmp T_0.55;
T_0.40 ;
    %pushi/vec4 11, 0, 5;
    %store/vec4 v0000027aeb302b50_0, 0, 5;
    %jmp T_0.55;
T_0.41 ;
    %pushi/vec4 11, 0, 5;
    %store/vec4 v0000027aeb302b50_0, 0, 5;
    %jmp T_0.55;
T_0.42 ;
    %pushi/vec4 11, 0, 5;
    %store/vec4 v0000027aeb302b50_0, 0, 5;
    %jmp T_0.55;
T_0.43 ;
    %pushi/vec4 11, 0, 5;
    %store/vec4 v0000027aeb302b50_0, 0, 5;
    %jmp T_0.55;
T_0.44 ;
    %pushi/vec4 11, 0, 5;
    %store/vec4 v0000027aeb302b50_0, 0, 5;
    %jmp T_0.55;
T_0.45 ;
    %pushi/vec4 11, 0, 5;
    %store/vec4 v0000027aeb302b50_0, 0, 5;
    %jmp T_0.55;
T_0.46 ;
    %pushi/vec4 11, 0, 5;
    %store/vec4 v0000027aeb302b50_0, 0, 5;
    %jmp T_0.55;
T_0.47 ;
    %pushi/vec4 11, 0, 5;
    %store/vec4 v0000027aeb302b50_0, 0, 5;
    %jmp T_0.55;
T_0.48 ;
    %pushi/vec4 10, 0, 5;
    %store/vec4 v0000027aeb302b50_0, 0, 5;
    %jmp T_0.55;
T_0.49 ;
    %pushi/vec4 10, 0, 5;
    %store/vec4 v0000027aeb302b50_0, 0, 5;
    %jmp T_0.55;
T_0.50 ;
    %pushi/vec4 10, 0, 5;
    %store/vec4 v0000027aeb302b50_0, 0, 5;
    %jmp T_0.55;
T_0.51 ;
    %pushi/vec4 10, 0, 5;
    %store/vec4 v0000027aeb302b50_0, 0, 5;
    %jmp T_0.55;
T_0.52 ;
    %pushi/vec4 9, 0, 5;
    %store/vec4 v0000027aeb302b50_0, 0, 5;
    %jmp T_0.55;
T_0.53 ;
    %pushi/vec4 9, 0, 5;
    %store/vec4 v0000027aeb302b50_0, 0, 5;
    %jmp T_0.55;
T_0.55 ;
    %pop/vec4 1;
    %jmp T_0.39;
T_0.38 ;
    %load/vec4 v0000027aeb333d40_0;
    %parti/s 4, 4, 4;
    %cmpi/ne 0, 0, 4;
    %jmp/0xz  T_0.56, 4;
    %load/vec4 v0000027aeb333d40_0;
    %parti/s 4, 4, 4;
    %dup/vec4;
    %pushi/vec4 15, 0, 4;
    %cmp/u;
    %jmp/1 T_0.58, 6;
    %dup/vec4;
    %pushi/vec4 14, 0, 4;
    %cmp/u;
    %jmp/1 T_0.59, 6;
    %dup/vec4;
    %pushi/vec4 13, 0, 4;
    %cmp/u;
    %jmp/1 T_0.60, 6;
    %dup/vec4;
    %pushi/vec4 12, 0, 4;
    %cmp/u;
    %jmp/1 T_0.61, 6;
    %dup/vec4;
    %pushi/vec4 11, 0, 4;
    %cmp/u;
    %jmp/1 T_0.62, 6;
    %dup/vec4;
    %pushi/vec4 10, 0, 4;
    %cmp/u;
    %jmp/1 T_0.63, 6;
    %dup/vec4;
    %pushi/vec4 9, 0, 4;
    %cmp/u;
    %jmp/1 T_0.64, 6;
    %dup/vec4;
    %pushi/vec4 8, 0, 4;
    %cmp/u;
    %jmp/1 T_0.65, 6;
    %dup/vec4;
    %pushi/vec4 7, 0, 4;
    %cmp/u;
    %jmp/1 T_0.66, 6;
    %dup/vec4;
    %pushi/vec4 6, 0, 4;
    %cmp/u;
    %jmp/1 T_0.67, 6;
    %dup/vec4;
    %pushi/vec4 5, 0, 4;
    %cmp/u;
    %jmp/1 T_0.68, 6;
    %dup/vec4;
    %pushi/vec4 4, 0, 4;
    %cmp/u;
    %jmp/1 T_0.69, 6;
    %dup/vec4;
    %pushi/vec4 3, 0, 4;
    %cmp/u;
    %jmp/1 T_0.70, 6;
    %dup/vec4;
    %pushi/vec4 2, 0, 4;
    %cmp/u;
    %jmp/1 T_0.71, 6;
    %pushi/vec4 4, 0, 5;
    %store/vec4 v0000027aeb302b50_0, 0, 5;
    %jmp T_0.73;
T_0.58 ;
    %pushi/vec4 7, 0, 5;
    %store/vec4 v0000027aeb302b50_0, 0, 5;
    %jmp T_0.73;
T_0.59 ;
    %pushi/vec4 7, 0, 5;
    %store/vec4 v0000027aeb302b50_0, 0, 5;
    %jmp T_0.73;
T_0.60 ;
    %pushi/vec4 7, 0, 5;
    %store/vec4 v0000027aeb302b50_0, 0, 5;
    %jmp T_0.73;
T_0.61 ;
    %pushi/vec4 7, 0, 5;
    %store/vec4 v0000027aeb302b50_0, 0, 5;
    %jmp T_0.73;
T_0.62 ;
    %pushi/vec4 7, 0, 5;
    %store/vec4 v0000027aeb302b50_0, 0, 5;
    %jmp T_0.73;
T_0.63 ;
    %pushi/vec4 7, 0, 5;
    %store/vec4 v0000027aeb302b50_0, 0, 5;
    %jmp T_0.73;
T_0.64 ;
    %pushi/vec4 7, 0, 5;
    %store/vec4 v0000027aeb302b50_0, 0, 5;
    %jmp T_0.73;
T_0.65 ;
    %pushi/vec4 7, 0, 5;
    %store/vec4 v0000027aeb302b50_0, 0, 5;
    %jmp T_0.73;
T_0.66 ;
    %pushi/vec4 6, 0, 5;
    %store/vec4 v0000027aeb302b50_0, 0, 5;
    %jmp T_0.73;
T_0.67 ;
    %pushi/vec4 6, 0, 5;
    %store/vec4 v0000027aeb302b50_0, 0, 5;
    %jmp T_0.73;
T_0.68 ;
    %pushi/vec4 6, 0, 5;
    %store/vec4 v0000027aeb302b50_0, 0, 5;
    %jmp T_0.73;
T_0.69 ;
    %pushi/vec4 6, 0, 5;
    %store/vec4 v0000027aeb302b50_0, 0, 5;
    %jmp T_0.73;
T_0.70 ;
    %pushi/vec4 5, 0, 5;
    %store/vec4 v0000027aeb302b50_0, 0, 5;
    %jmp T_0.73;
T_0.71 ;
    %pushi/vec4 5, 0, 5;
    %store/vec4 v0000027aeb302b50_0, 0, 5;
    %jmp T_0.73;
T_0.73 ;
    %pop/vec4 1;
    %jmp T_0.57;
T_0.56 ;
    %load/vec4 v0000027aeb333d40_0;
    %parti/s 4, 0, 2;
    %dup/vec4;
    %pushi/vec4 15, 0, 4;
    %cmp/u;
    %jmp/1 T_0.74, 6;
    %dup/vec4;
    %pushi/vec4 14, 0, 4;
    %cmp/u;
    %jmp/1 T_0.75, 6;
    %dup/vec4;
    %pushi/vec4 13, 0, 4;
    %cmp/u;
    %jmp/1 T_0.76, 6;
    %dup/vec4;
    %pushi/vec4 12, 0, 4;
    %cmp/u;
    %jmp/1 T_0.77, 6;
    %dup/vec4;
    %pushi/vec4 11, 0, 4;
    %cmp/u;
    %jmp/1 T_0.78, 6;
    %dup/vec4;
    %pushi/vec4 10, 0, 4;
    %cmp/u;
    %jmp/1 T_0.79, 6;
    %dup/vec4;
    %pushi/vec4 9, 0, 4;
    %cmp/u;
    %jmp/1 T_0.80, 6;
    %dup/vec4;
    %pushi/vec4 8, 0, 4;
    %cmp/u;
    %jmp/1 T_0.81, 6;
    %dup/vec4;
    %pushi/vec4 7, 0, 4;
    %cmp/u;
    %jmp/1 T_0.82, 6;
    %dup/vec4;
    %pushi/vec4 6, 0, 4;
    %cmp/u;
    %jmp/1 T_0.83, 6;
    %dup/vec4;
    %pushi/vec4 5, 0, 4;
    %cmp/u;
    %jmp/1 T_0.84, 6;
    %dup/vec4;
    %pushi/vec4 4, 0, 4;
    %cmp/u;
    %jmp/1 T_0.85, 6;
    %dup/vec4;
    %pushi/vec4 3, 0, 4;
    %cmp/u;
    %jmp/1 T_0.86, 6;
    %dup/vec4;
    %pushi/vec4 2, 0, 4;
    %cmp/u;
    %jmp/1 T_0.87, 6;
    %pushi/vec4 0, 0, 5;
    %store/vec4 v0000027aeb302b50_0, 0, 5;
    %jmp T_0.89;
T_0.74 ;
    %pushi/vec4 3, 0, 5;
    %store/vec4 v0000027aeb302b50_0, 0, 5;
    %jmp T_0.89;
T_0.75 ;
    %pushi/vec4 3, 0, 5;
    %store/vec4 v0000027aeb302b50_0, 0, 5;
    %jmp T_0.89;
T_0.76 ;
    %pushi/vec4 3, 0, 5;
    %store/vec4 v0000027aeb302b50_0, 0, 5;
    %jmp T_0.89;
T_0.77 ;
    %pushi/vec4 3, 0, 5;
    %store/vec4 v0000027aeb302b50_0, 0, 5;
    %jmp T_0.89;
T_0.78 ;
    %pushi/vec4 3, 0, 5;
    %store/vec4 v0000027aeb302b50_0, 0, 5;
    %jmp T_0.89;
T_0.79 ;
    %pushi/vec4 3, 0, 5;
    %store/vec4 v0000027aeb302b50_0, 0, 5;
    %jmp T_0.89;
T_0.80 ;
    %pushi/vec4 3, 0, 5;
    %store/vec4 v0000027aeb302b50_0, 0, 5;
    %jmp T_0.89;
T_0.81 ;
    %pushi/vec4 3, 0, 5;
    %store/vec4 v0000027aeb302b50_0, 0, 5;
    %jmp T_0.89;
T_0.82 ;
    %pushi/vec4 2, 0, 5;
    %store/vec4 v0000027aeb302b50_0, 0, 5;
    %jmp T_0.89;
T_0.83 ;
    %pushi/vec4 2, 0, 5;
    %store/vec4 v0000027aeb302b50_0, 0, 5;
    %jmp T_0.89;
T_0.84 ;
    %pushi/vec4 2, 0, 5;
    %store/vec4 v0000027aeb302b50_0, 0, 5;
    %jmp T_0.89;
T_0.85 ;
    %pushi/vec4 2, 0, 5;
    %store/vec4 v0000027aeb302b50_0, 0, 5;
    %jmp T_0.89;
T_0.86 ;
    %pushi/vec4 1, 0, 5;
    %store/vec4 v0000027aeb302b50_0, 0, 5;
    %jmp T_0.89;
T_0.87 ;
    %pushi/vec4 1, 0, 5;
    %store/vec4 v0000027aeb302b50_0, 0, 5;
    %jmp T_0.89;
T_0.89 ;
    %pop/vec4 1;
T_0.57 ;
T_0.39 ;
T_0.21 ;
T_0.3 ;
    %load/vec4 v0000027aeb302b50_0;
    %dup/vec4;
    %pushi/vec4 19, 0, 5;
    %cmp/u;
    %jmp/1 T_0.90, 6;
    %dup/vec4;
    %pushi/vec4 18, 0, 5;
    %cmp/u;
    %jmp/1 T_0.91, 6;
    %dup/vec4;
    %pushi/vec4 17, 0, 5;
    %cmp/u;
    %jmp/1 T_0.92, 6;
    %dup/vec4;
    %pushi/vec4 16, 0, 5;
    %cmp/u;
    %jmp/1 T_0.93, 6;
    %dup/vec4;
    %pushi/vec4 15, 0, 5;
    %cmp/u;
    %jmp/1 T_0.94, 6;
    %dup/vec4;
    %pushi/vec4 14, 0, 5;
    %cmp/u;
    %jmp/1 T_0.95, 6;
    %dup/vec4;
    %pushi/vec4 13, 0, 5;
    %cmp/u;
    %jmp/1 T_0.96, 6;
    %dup/vec4;
    %pushi/vec4 12, 0, 5;
    %cmp/u;
    %jmp/1 T_0.97, 6;
    %dup/vec4;
    %pushi/vec4 11, 0, 5;
    %cmp/u;
    %jmp/1 T_0.98, 6;
    %dup/vec4;
    %pushi/vec4 10, 0, 5;
    %cmp/u;
    %jmp/1 T_0.99, 6;
    %dup/vec4;
    %pushi/vec4 9, 0, 5;
    %cmp/u;
    %jmp/1 T_0.100, 6;
    %dup/vec4;
    %pushi/vec4 8, 0, 5;
    %cmp/u;
    %jmp/1 T_0.101, 6;
    %dup/vec4;
    %pushi/vec4 7, 0, 5;
    %cmp/u;
    %jmp/1 T_0.102, 6;
    %dup/vec4;
    %pushi/vec4 6, 0, 5;
    %cmp/u;
    %jmp/1 T_0.103, 6;
    %dup/vec4;
    %pushi/vec4 5, 0, 5;
    %cmp/u;
    %jmp/1 T_0.104, 6;
    %dup/vec4;
    %pushi/vec4 4, 0, 5;
    %cmp/u;
    %jmp/1 T_0.105, 6;
    %dup/vec4;
    %pushi/vec4 3, 0, 5;
    %cmp/u;
    %jmp/1 T_0.106, 6;
    %dup/vec4;
    %pushi/vec4 2, 0, 5;
    %cmp/u;
    %jmp/1 T_0.107, 6;
    %dup/vec4;
    %pushi/vec4 1, 0, 5;
    %cmp/u;
    %jmp/1 T_0.108, 6;
    %pushi/vec4 0, 0, 11;
    %store/vec4 v0000027aeb302c90_0, 0, 11;
    %jmp T_0.110;
T_0.90 ;
    %load/vec4 v0000027aeb333d40_0;
    %parti/s 11, 8, 5;
    %store/vec4 v0000027aeb302c90_0, 0, 11;
    %jmp T_0.110;
T_0.91 ;
    %load/vec4 v0000027aeb333d40_0;
    %parti/s 11, 7, 4;
    %store/vec4 v0000027aeb302c90_0, 0, 11;
    %jmp T_0.110;
T_0.92 ;
    %load/vec4 v0000027aeb333d40_0;
    %parti/s 11, 6, 4;
    %store/vec4 v0000027aeb302c90_0, 0, 11;
    %jmp T_0.110;
T_0.93 ;
    %load/vec4 v0000027aeb333d40_0;
    %parti/s 11, 5, 4;
    %store/vec4 v0000027aeb302c90_0, 0, 11;
    %jmp T_0.110;
T_0.94 ;
    %load/vec4 v0000027aeb333d40_0;
    %parti/s 11, 4, 4;
    %store/vec4 v0000027aeb302c90_0, 0, 11;
    %jmp T_0.110;
T_0.95 ;
    %load/vec4 v0000027aeb333d40_0;
    %parti/s 11, 3, 3;
    %store/vec4 v0000027aeb302c90_0, 0, 11;
    %jmp T_0.110;
T_0.96 ;
    %load/vec4 v0000027aeb333d40_0;
    %parti/s 11, 2, 3;
    %store/vec4 v0000027aeb302c90_0, 0, 11;
    %jmp T_0.110;
T_0.97 ;
    %load/vec4 v0000027aeb333d40_0;
    %parti/s 11, 1, 2;
    %store/vec4 v0000027aeb302c90_0, 0, 11;
    %jmp T_0.110;
T_0.98 ;
    %load/vec4 v0000027aeb333d40_0;
    %parti/s 11, 0, 2;
    %store/vec4 v0000027aeb302c90_0, 0, 11;
    %jmp T_0.110;
T_0.99 ;
    %load/vec4 v0000027aeb333d40_0;
    %parti/s 10, 0, 2;
    %concati/vec4 0, 0, 1;
    %store/vec4 v0000027aeb302c90_0, 0, 11;
    %jmp T_0.110;
T_0.100 ;
    %load/vec4 v0000027aeb333d40_0;
    %parti/s 9, 0, 2;
    %concati/vec4 0, 0, 2;
    %store/vec4 v0000027aeb302c90_0, 0, 11;
    %jmp T_0.110;
T_0.101 ;
    %load/vec4 v0000027aeb333d40_0;
    %parti/s 8, 0, 2;
    %concati/vec4 0, 0, 3;
    %store/vec4 v0000027aeb302c90_0, 0, 11;
    %jmp T_0.110;
T_0.102 ;
    %load/vec4 v0000027aeb333d40_0;
    %parti/s 7, 0, 2;
    %concati/vec4 0, 0, 4;
    %store/vec4 v0000027aeb302c90_0, 0, 11;
    %jmp T_0.110;
T_0.103 ;
    %load/vec4 v0000027aeb333d40_0;
    %parti/s 6, 0, 2;
    %concati/vec4 0, 0, 5;
    %store/vec4 v0000027aeb302c90_0, 0, 11;
    %jmp T_0.110;
T_0.104 ;
    %load/vec4 v0000027aeb333d40_0;
    %parti/s 5, 0, 2;
    %concati/vec4 0, 0, 6;
    %store/vec4 v0000027aeb302c90_0, 0, 11;
    %jmp T_0.110;
T_0.105 ;
    %load/vec4 v0000027aeb333d40_0;
    %parti/s 4, 0, 2;
    %concati/vec4 0, 0, 7;
    %store/vec4 v0000027aeb302c90_0, 0, 11;
    %jmp T_0.110;
T_0.106 ;
    %load/vec4 v0000027aeb333d40_0;
    %parti/s 3, 0, 2;
    %concati/vec4 0, 0, 8;
    %store/vec4 v0000027aeb302c90_0, 0, 11;
    %jmp T_0.110;
T_0.107 ;
    %load/vec4 v0000027aeb333d40_0;
    %parti/s 2, 0, 2;
    %concati/vec4 0, 0, 9;
    %store/vec4 v0000027aeb302c90_0, 0, 11;
    %jmp T_0.110;
T_0.108 ;
    %load/vec4 v0000027aeb333d40_0;
    %parti/s 1, 0, 2;
    %concati/vec4 0, 0, 10;
    %store/vec4 v0000027aeb302c90_0, 0, 11;
    %jmp T_0.110;
T_0.110 ;
    %pop/vec4 1;
    %load/vec4 v0000027aeb302b50_0;
    %subi 11, 0, 5;
    %store/vec4 v0000027aeb2e97e0_0, 0, 5;
    %load/vec4 v0000027aeb302c90_0;
    %parti/s 1, 0, 2;
    %flag_set/vec4 8;
    %jmp/0xz  T_0.111, 8;
    %pushi/vec4 2047, 0, 11;
    %store/vec4 v0000027aeb333ca0_0, 0, 11;
    %load/vec4 v0000027aeb333ca0_0;
    %load/vec4 v0000027aeb302c90_0;
    %sub;
    %store/vec4 v0000027aeb333ca0_0, 0, 11;
    %load/vec4 v0000027aeb333ca0_0;
    %cmpi/ne 0, 0, 11;
    %jmp/0xz  T_0.113, 4;
    %pushi/vec4 0, 0, 1;
    %store/vec4 v0000027aeb3030c0_0, 0, 1;
    %load/vec4 v0000027aeb302c90_0;
    %addi 1, 0, 11;
    %store/vec4 v0000027aeb302c90_0, 0, 11;
    %load/vec4 v0000027aeb302c90_0;
    %parti/s 10, 1, 2;
    %concati/vec4 0, 0, 1;
    %store/vec4 v0000027aeb302bf0_0, 0, 11;
    %jmp T_0.114;
T_0.113 ;
    %pushi/vec4 1, 0, 1;
    %store/vec4 v0000027aeb3030c0_0, 0, 1;
    %pushi/vec4 1024, 0, 11;
    %store/vec4 v0000027aeb302bf0_0, 0, 11;
T_0.114 ;
    %jmp T_0.112;
T_0.111 ;
    %load/vec4 v0000027aeb302c90_0;
    %store/vec4 v0000027aeb302bf0_0, 0, 11;
    %pushi/vec4 0, 0, 1;
    %store/vec4 v0000027aeb3030c0_0, 0, 1;
T_0.112 ;
    %load/vec4 v0000027aeb302ab0_0;
    %pad/s 7;
    %load/vec4 v0000027aeb2e97e0_0;
    %pad/s 7;
    %add;
    %load/vec4 v0000027aeb3030c0_0;
    %pad/s 7;
    %add;
    %store/vec4 v0000027aeb302a10_0, 0, 7;
    %jmp T_0;
    .thread T_0, $push;
# The file index is used to find the file name in the following table.
:file_names 3;
    "N/A";
    "<interactive>";
    ".\normalization.v";
